#
# There is insufficient memory for the Java Runtime Environment to continue.
# Native memory allocation (mmap) failed to map 65536 bytes. Error detail: Failed to commit metaspace.
# Possible reasons:
#   The system is out of physical RAM or swap space
#   This process is running with CompressedOops enabled, and the Java Heap may be blocking the growth of the native heap
# Possible solutions:
#   Reduce memory load on the system
#   Increase physical memory or swap space
#   Check if swap backing store is full
#   Decrease Java heap size (-Xmx/-Xms)
#   Decrease number of Java threads
#   Decrease Java thread stack sizes (-Xss)
#   Set larger code cache with -XX:ReservedCodeCacheSize=
#   JVM is running with Unscaled Compressed Oops mode in which the Java heap is
#     placed in the first 4GB address space. The Java Heap base address is the
#     maximum limit for the native heap growth. Please use -XX:HeapBaseMinAddress
#     to set the Java Heap base and to place the Java Heap above 4GB virtual address.
# This output file may be truncated or incomplete.
#
#  Out of Memory Error (virtualSpaceNode.cpp:112), pid=14936, tid=19884
#
# JRE version: OpenJDK Runtime Environment Corretto-21.0.3.9.1 (21.0.3+9) (build 21.0.3+9-LTS)
# Java VM: OpenJDK 64-Bit Server VM Corretto-21.0.3.9.1 (21.0.3+9-LTS, mixed mode, sharing, tiered, compressed oops, compressed class ptrs, g1 gc, windows-amd64)
# No core dump will be written. Minidumps are not enabled by default on client versions of Windows
#

---------------  S U M M A R Y ------------

Command Line: -Dcompose.application.configure.swing.globals=true -Dcompose.application.resources.dir=C:\Users\j9703\IdeaProjects\prueba\build\compose\tmp\prepareAppResources -Dfile.encoding=UTF-8 -Duser.country=ES -Duser.language=es -Duser.variant MainKt

Host: 11th Gen Intel(R) Core(TM) i5-1135G7 @ 2.40GHz, 8 cores, 7G,  Windows 11 , 64 bit Build 22621 (10.0.22621.3672)
Time: Thu Jul  4 04:35:08 2024 Hora est. Pacífico, Sudamérica elapsed time: 1.434881 seconds (0d 0h 0m 1s)

---------------  T H R E A D  ---------------

Current thread (0x000001746fb406a0):  JavaThread "AWT-EventQueue-0"        [_thread_in_vm, id=19884, stack(0x0000003ca4e00000,0x0000003ca4f00000) (1024K)]

Stack: [0x0000003ca4e00000,0x0000003ca4f00000]
Native frames: (J=compiled Java code, j=interpreted, Vv=VM code, C=native code)
V  [jvm.dll+0x6d4fa9]
V  [jvm.dll+0x8b01c3]
V  [jvm.dll+0x8b251e]
V  [jvm.dll+0x8b2c03]
V  [jvm.dll+0x284fb6]
V  [jvm.dll+0x8abe0e]
V  [jvm.dll+0x676a85]
V  [jvm.dll+0x1e9261]
V  [jvm.dll+0x1e902e]
V  [jvm.dll+0x679398]
V  [jvm.dll+0x6791d2]
V  [jvm.dll+0x67743e]
V  [jvm.dll+0x281e96]
V  [jvm.dll+0x72b24a]
V  [jvm.dll+0x72bdff]
V  [jvm.dll+0x3c9e7f]
V  [jvm.dll+0x3c8c7c]
V  [jvm.dll+0x3c8c18]
V  [jvm.dll+0x5dbdcc]
V  [jvm.dll+0x5dad7c]
V  [jvm.dll+0x3dea10]
V  [jvm.dll+0x3de08d]
C  0x000001746232a075

The last pc belongs to invokestatic (printed below).
Java frames: (J=compiled Java code, j=interpreted, Vv=VM code)
j  ComposableSingletons$MainKt$lambda-1$1.invoke(Landroidx/compose/runtime/Composer;I)V+891
j  ComposableSingletons$MainKt$lambda-1$1.invoke(Ljava/lang/Object;Ljava/lang/Object;)Ljava/lang/Object;+12
j  androidx.compose.runtime.internal.ComposableLambdaImpl.invoke(Landroidx/compose/runtime/Composer;I)Ljava/lang/Object;+70
j  androidx.compose.runtime.internal.ComposableLambdaImpl.invoke(Ljava/lang/Object;Ljava/lang/Object;)Ljava/lang/Object;+12
j  androidx.compose.material.SurfaceKt$Surface$1.invoke(Landroidx/compose/runtime/Composer;I)V+544
j  androidx.compose.material.SurfaceKt$Surface$1.invoke(Ljava/lang/Object;Ljava/lang/Object;)Ljava/lang/Object;+12
j  androidx.compose.runtime.internal.ComposableLambdaImpl.invoke(Landroidx/compose/runtime/Composer;I)Ljava/lang/Object;+70
j  androidx.compose.runtime.internal.ComposableLambdaImpl.invoke(Ljava/lang/Object;Ljava/lang/Object;)Ljava/lang/Object;+12
j  androidx.compose.runtime.CompositionLocalKt.CompositionLocalProvider([Landroidx/compose/runtime/ProvidedValue;Lkotlin/jvm/functions/Function2;Landroidx/compose/runtime/Composer;I)V+65
j  androidx.compose.material.SurfaceKt.Surface-F-jzlyU(Landroidx/compose/ui/Modifier;Landroidx/compose/ui/graphics/Shape;JJLandroidx/compose/foundation/BorderStroke;FLkotlin/jvm/functions/Function2;Landroidx/compose/runtime/Composer;II)V+722
j  ComposableSingletons$MainKt$lambda-2$1.invoke(Landroidx/compose/runtime/Composer;I)V+57
j  ComposableSingletons$MainKt$lambda-2$1.invoke(Ljava/lang/Object;Ljava/lang/Object;)Ljava/lang/Object;+12
j  androidx.compose.runtime.internal.ComposableLambdaImpl.invoke(Landroidx/compose/runtime/Composer;I)Ljava/lang/Object;+70
j  androidx.compose.runtime.internal.ComposableLambdaImpl.invoke(Ljava/lang/Object;Ljava/lang/Object;)Ljava/lang/Object;+12
j  androidx.compose.runtime.CompositionLocalKt.CompositionLocalProvider(Landroidx/compose/runtime/ProvidedValue;Lkotlin/jvm/functions/Function2;Landroidx/compose/runtime/Composer;I)V+65
j  androidx.compose.material.MaterialTheme_desktopKt.PlatformMaterialTheme(Lkotlin/jvm/functions/Function2;Landroidx/compose/runtime/Composer;I)V+171
j  androidx.compose.material.MaterialThemeKt$MaterialTheme$1$1.invoke(Landroidx/compose/runtime/Composer;I)V+44
j  androidx.compose.material.MaterialThemeKt$MaterialTheme$1$1.invoke(Ljava/lang/Object;Ljava/lang/Object;)Ljava/lang/Object;+12
j  androidx.compose.runtime.internal.ComposableLambdaImpl.invoke(Landroidx/compose/runtime/Composer;I)Ljava/lang/Object;+70
j  androidx.compose.runtime.internal.ComposableLambdaImpl.invoke(Ljava/lang/Object;Ljava/lang/Object;)Ljava/lang/Object;+12
j  androidx.compose.runtime.CompositionLocalKt.CompositionLocalProvider(Landroidx/compose/runtime/ProvidedValue;Lkotlin/jvm/functions/Function2;Landroidx/compose/runtime/Composer;I)V+65
j  androidx.compose.material.TextKt.ProvideTextStyle(Landroidx/compose/ui/text/TextStyle;Lkotlin/jvm/functions/Function2;Landroidx/compose/runtime/Composer;I)V+194
j  androidx.compose.material.MaterialThemeKt$MaterialTheme$1.invoke(Landroidx/compose/runtime/Composer;I)V+69
j  androidx.compose.material.MaterialThemeKt$MaterialTheme$1.invoke(Ljava/lang/Object;Ljava/lang/Object;)Ljava/lang/Object;+12
j  androidx.compose.runtime.internal.ComposableLambdaImpl.invoke(Landroidx/compose/runtime/Composer;I)Ljava/lang/Object;+70
j  androidx.compose.runtime.internal.ComposableLambdaImpl.invoke(Ljava/lang/Object;Ljava/lang/Object;)Ljava/lang/Object;+12
j  androidx.compose.runtime.CompositionLocalKt.CompositionLocalProvider([Landroidx/compose/runtime/ProvidedValue;Lkotlin/jvm/functions/Function2;Landroidx/compose/runtime/Composer;I)V+65
j  androidx.compose.material.MaterialThemeKt.MaterialTheme(Landroidx/compose/material/Colors;Landroidx/compose/material/Typography;Landroidx/compose/material/Shapes;Lkotlin/jvm/functions/Function2;Landroidx/compose/runtime/Composer;II)V+673
j  MainKt.app(Landroidx/compose/runtime/Composer;I)V+37
j  ComposableSingletons$MainKt$lambda-3$1.invoke(Landroidx/compose/ui/window/FrameWindowScope;Landroidx/compose/runtime/Composer;I)V+26
j  ComposableSingletons$MainKt$lambda-3$1.invoke(Ljava/lang/Object;Ljava/lang/Object;Ljava/lang/Object;)Ljava/lang/Object;+16
j  androidx.compose.runtime.internal.ComposableLambdaImpl.invoke(Ljava/lang/Object;Landroidx/compose/runtime/Composer;I)Ljava/lang/Object;+75
j  androidx.compose.runtime.internal.ComposableLambdaImpl.invoke(Ljava/lang/Object;Ljava/lang/Object;Ljava/lang/Object;)Ljava/lang/Object;+13
j  androidx.compose.ui.awt.ComposeWindow$setContent$5.invoke(Landroidx/compose/runtime/Composer;I)V+51
j  androidx.compose.ui.awt.ComposeWindow$setContent$5.invoke(Ljava/lang/Object;Ljava/lang/Object;)Ljava/lang/Object;+12
j  androidx.compose.runtime.internal.ComposableLambdaImpl.invoke(Landroidx/compose/runtime/Composer;I)Ljava/lang/Object;+70
j  androidx.compose.runtime.internal.ComposableLambdaImpl.invoke(Ljava/lang/Object;Ljava/lang/Object;)Ljava/lang/Object;+12
j  androidx.compose.ui.awt.WindowContentLayout_desktopKt.WindowContentLayout(Landroidx/compose/ui/Modifier;Lkotlin/jvm/functions/Function2;Landroidx/compose/runtime/Composer;II)V+530
j  androidx.compose.ui.awt.ComposeWindowPanel$setContent$3$1.invoke(Landroidx/compose/runtime/Composer;I)V+49
j  androidx.compose.ui.awt.ComposeWindowPanel$setContent$3$1.invoke(Ljava/lang/Object;Ljava/lang/Object;)Ljava/lang/Object;+12
j  androidx.compose.runtime.internal.ComposableLambdaImpl.invoke(Landroidx/compose/runtime/Composer;I)Ljava/lang/Object;+70
j  androidx.compose.runtime.internal.ComposableLambdaImpl.invoke(Ljava/lang/Object;Ljava/lang/Object;)Ljava/lang/Object;+12
j  androidx.compose.runtime.CompositionLocalKt.CompositionLocalProvider(Landroidx/compose/runtime/ProvidedValue;Lkotlin/jvm/functions/Function2;Landroidx/compose/runtime/Composer;I)V+65
j  androidx.compose.ui.awt.ComposeWindowPanel$setContent$3.invoke(Landroidx/compose/runtime/Composer;I)V+79
j  androidx.compose.ui.awt.ComposeWindowPanel$setContent$3.invoke(Ljava/lang/Object;Ljava/lang/Object;)Ljava/lang/Object;+12
j  androidx.compose.runtime.internal.ComposableLambdaImpl.invoke(Landroidx/compose/runtime/Composer;I)Ljava/lang/Object;+70
j  androidx.compose.runtime.internal.ComposableLambdaImpl.invoke(Ljava/lang/Object;Ljava/lang/Object;)Ljava/lang/Object;+12
j  androidx.compose.ui.scene.ComposeContainer$setContent$1$1.invoke(Landroidx/compose/runtime/Composer;I)V+47
j  androidx.compose.ui.scene.ComposeContainer$setContent$1$1.invoke(Ljava/lang/Object;Ljava/lang/Object;)Ljava/lang/Object;+12
j  androidx.compose.runtime.internal.ComposableLambdaImpl.invoke(Landroidx/compose/runtime/Composer;I)Ljava/lang/Object;+70
j  androidx.compose.runtime.internal.ComposableLambdaImpl.invoke(Ljava/lang/Object;Ljava/lang/Object;)Ljava/lang/Object;+12
j  androidx.compose.runtime.CompositionLocalKt.CompositionLocalProvider([Landroidx/compose/runtime/ProvidedValue;Lkotlin/jvm/functions/Function2;Landroidx/compose/runtime/Composer;I)V+65
j  androidx.compose.ui.scene.ComposeContainer_desktopKt.ProvideContainerCompositionLocals(Landroidx/compose/ui/scene/ComposeContainer;Lkotlin/jvm/functions/Function2;Landroidx/compose/runtime/Composer;I)V+74
j  androidx.compose.ui.scene.ComposeContainer_desktopKt.access$ProvideContainerCompositionLocals(Landroidx/compose/ui/scene/ComposeContainer;Lkotlin/jvm/functions/Function2;Landroidx/compose/runtime/Composer;I)V+4
j  androidx.compose.ui.scene.ComposeContainer$setContent$1.invoke(Landroidx/compose/runtime/Composer;I)V+66
j  androidx.compose.ui.scene.ComposeContainer$setContent$1.invoke(Ljava/lang/Object;Ljava/lang/Object;)Ljava/lang/Object;+12
j  androidx.compose.runtime.internal.ComposableLambdaImpl.invoke(Landroidx/compose/runtime/Composer;I)Ljava/lang/Object;+70
j  androidx.compose.runtime.internal.ComposableLambdaImpl.invoke(Ljava/lang/Object;Ljava/lang/Object;)Ljava/lang/Object;+12
j  androidx.compose.ui.scene.ComposeSceneMediator$setContent$1$1$1$1.invoke(Landroidx/compose/runtime/Composer;I)V+47
j  androidx.compose.ui.scene.ComposeSceneMediator$setContent$1$1$1$1.invoke(Ljava/lang/Object;Ljava/lang/Object;)Ljava/lang/Object;+12
j  androidx.compose.runtime.internal.ComposableLambdaImpl.invoke(Landroidx/compose/runtime/Composer;I)Ljava/lang/Object;+70
j  androidx.compose.runtime.internal.ComposableLambdaImpl.invoke(Ljava/lang/Object;Ljava/lang/Object;)Ljava/lang/Object;+12
j  androidx.compose.ui.layout.OverlayLayout_skikoKt.OverlayLayout(Landroidx/compose/ui/Modifier;Lkotlin/jvm/functions/Function2;Landroidx/compose/runtime/Composer;I)V+420
j  androidx.compose.ui.node.InteropContainerKt.TrackInteropContainer(Landroidx/compose/ui/node/InteropContainer;Lkotlin/jvm/functions/Function2;Landroidx/compose/runtime/Composer;I)V+152
j  androidx.compose.ui.awt.SwingInteropContainer$invoke$1.invoke(Landroidx/compose/runtime/Composer;I)V+52
j  androidx.compose.ui.awt.SwingInteropContainer$invoke$1.invoke(Ljava/lang/Object;Ljava/lang/Object;)Ljava/lang/Object;+12
j  androidx.compose.runtime.internal.ComposableLambdaImpl.invoke(Landroidx/compose/runtime/Composer;I)Ljava/lang/Object;+70
j  androidx.compose.runtime.internal.ComposableLambdaImpl.invoke(Ljava/lang/Object;Ljava/lang/Object;)Ljava/lang/Object;+12
j  androidx.compose.runtime.CompositionLocalKt.CompositionLocalProvider(Landroidx/compose/runtime/ProvidedValue;Lkotlin/jvm/functions/Function2;Landroidx/compose/runtime/Composer;I)V+65
j  androidx.compose.ui.awt.SwingInteropContainer.invoke(Lkotlin/jvm/functions/Function2;Landroidx/compose/runtime/Composer;I)V+65
j  androidx.compose.ui.scene.ComposeSceneMediator$setContent$1$1$1.invoke(Landroidx/compose/runtime/Composer;I)V+69
j  androidx.compose.ui.scene.ComposeSceneMediator$setContent$1$1$1.invoke(Ljava/lang/Object;Ljava/lang/Object;)Ljava/lang/Object;+12
j  androidx.compose.runtime.internal.ComposableLambdaImpl.invoke(Landroidx/compose/runtime/Composer;I)Ljava/lang/Object;+70
j  androidx.compose.runtime.internal.ComposableLambdaImpl.invoke(Ljava/lang/Object;Ljava/lang/Object;)Ljava/lang/Object;+12
j  androidx.compose.runtime.CompositionLocalKt.CompositionLocalProvider(Landroidx/compose/runtime/ProvidedValue;Lkotlin/jvm/functions/Function2;Landroidx/compose/runtime/Composer;I)V+65
j  androidx.compose.ui.scene.BaseComposeScene$setContent$1$2.invoke(Landroidx/compose/runtime/Composer;I)V+54
j  androidx.compose.ui.scene.BaseComposeScene$setContent$1$2.invoke(Ljava/lang/Object;Ljava/lang/Object;)Ljava/lang/Object;+12
j  androidx.compose.runtime.internal.ComposableLambdaImpl.invoke(Landroidx/compose/runtime/Composer;I)Ljava/lang/Object;+70
j  androidx.compose.runtime.internal.ComposableLambdaImpl.invoke(Ljava/lang/Object;Ljava/lang/Object;)Ljava/lang/Object;+12
j  androidx.compose.runtime.CompositionLocalKt.CompositionLocalProvider([Landroidx/compose/runtime/ProvidedValue;Lkotlin/jvm/functions/Function2;Landroidx/compose/runtime/Composer;I)V+65
j  androidx.compose.ui.platform.PlatformCompositionLocalsKt.ProvidePlatformCompositionLocals(Lkotlin/jvm/functions/Function2;Landroidx/compose/runtime/Composer;I)V+114
j  androidx.compose.ui.platform.Wrapper_skikoKt$setContent$2$1$2.invoke(Landroidx/compose/runtime/Composer;I)V+44
j  androidx.compose.ui.platform.Wrapper_skikoKt$setContent$2$1$2.invoke(Ljava/lang/Object;Ljava/lang/Object;)Ljava/lang/Object;+12
j  androidx.compose.runtime.internal.ComposableLambdaImpl.invoke(Landroidx/compose/runtime/Composer;I)Ljava/lang/Object;+70
j  androidx.compose.runtime.internal.ComposableLambdaImpl.invoke(Ljava/lang/Object;Ljava/lang/Object;)Ljava/lang/Object;+12
j  androidx.compose.runtime.CompositionLocalKt.CompositionLocalProvider([Landroidx/compose/runtime/ProvidedValue;Lkotlin/jvm/functions/Function2;Landroidx/compose/runtime/Composer;I)V+65
j  androidx.compose.ui.platform.CompositionLocalsKt.ProvideCommonCompositionLocals(Landroidx/compose/ui/node/Owner;Landroidx/compose/ui/platform/UriHandler;Lkotlin/jvm/functions/Function2;Landroidx/compose/runtime/Composer;I)V+481
j  androidx.compose.ui.platform.Wrapper_skikoKt$setContent$2$1.invoke(Landroidx/compose/runtime/Composer;I)V+167
j  androidx.compose.ui.platform.Wrapper_skikoKt$setContent$2$1.invoke(Ljava/lang/Object;Ljava/lang/Object;)Ljava/lang/Object;+12
j  androidx.compose.runtime.internal.ComposableLambdaImpl.invoke(Landroidx/compose/runtime/Composer;I)Ljava/lang/Object;+70
j  androidx.compose.runtime.internal.ComposableLambdaImpl.invoke(Ljava/lang/Object;Ljava/lang/Object;)Ljava/lang/Object;+12
j  androidx.compose.runtime.CompositionLocalKt.CompositionLocalProvider([Landroidx/compose/runtime/ProvidedValue;Lkotlin/jvm/functions/Function2;Landroidx/compose/runtime/Composer;I)V+65
j  androidx.compose.runtime.CompositionLocalKt.CompositionLocalProvider(Landroidx/compose/runtime/CompositionLocalContext;Lkotlin/jvm/functions/Function2;Landroidx/compose/runtime/Composer;I)V+309
j  androidx.compose.ui.platform.Wrapper_skikoKt.provide(Landroidx/compose/runtime/CompositionLocalContext;Lkotlin/jvm/functions/Function2;Landroidx/compose/runtime/Composer;I)V+141
j  androidx.compose.ui.platform.Wrapper_skikoKt.access$provide(Landroidx/compose/runtime/CompositionLocalContext;Lkotlin/jvm/functions/Function2;Landroidx/compose/runtime/Composer;I)V+4
j  androidx.compose.ui.platform.Wrapper_skikoKt$setContent$2.invoke(Landroidx/compose/runtime/Composer;I)V+78
j  androidx.compose.ui.platform.Wrapper_skikoKt$setContent$2.invoke(Ljava/lang/Object;Ljava/lang/Object;)Ljava/lang/Object;+12
j  androidx.compose.runtime.internal.ComposableLambdaImpl.invoke(Landroidx/compose/runtime/Composer;I)Ljava/lang/Object;+70
j  androidx.compose.runtime.internal.ComposableLambdaImpl.invoke(Ljava/lang/Object;Ljava/lang/Object;)Ljava/lang/Object;+12
j  androidx.compose.runtime.ActualJvm_jvmKt.invokeComposable(Landroidx/compose/runtime/Composer;Lkotlin/jvm/functions/Function2;)V+27
j  androidx.compose.runtime.ComposerImpl.doCompose(Landroidx/compose/runtime/collection/IdentityArrayMap;Lkotlin/jvm/functions/Function2;)V+299
j  androidx.compose.runtime.ComposerImpl.composeContent$runtime(Landroidx/compose/runtime/collection/IdentityArrayMap;Lkotlin/jvm/functions/Function2;)V+58
j  androidx.compose.runtime.CompositionImpl.composeContent(Lkotlin/jvm/functions/Function2;)V+113
j  androidx.compose.runtime.Recomposer.composeInitial$runtime(Landroidx/compose/runtime/ControlledComposition;Lkotlin/jvm/functions/Function2;)V+77
j  androidx.compose.runtime.CompositionImpl.composeInitial(Lkotlin/jvm/functions/Function2;)V+50
j  androidx.compose.runtime.CompositionImpl.setContent(Lkotlin/jvm/functions/Function2;)V+8
j  androidx.compose.ui.platform.Wrapper_skikoKt.setContent(Landroidx/compose/ui/node/RootNodeOwner;Landroidx/compose/runtime/CompositionContext;Lkotlin/jvm/functions/Function0;Lkotlin/jvm/functions/Function2;)Landroidx/compose/runtime/Composition;+70
j  androidx.compose.ui.scene.MultiLayerComposeSceneImpl.createComposition(Lkotlin/jvm/functions/Function2;)Landroidx/compose/runtime/Composition;+27
j  androidx.compose.ui.scene.BaseComposeScene.setContent(Lkotlin/jvm/functions/Function2;)V+181
j  androidx.compose.ui.scene.ComposeSceneMediator$setContent$1.invoke()V+44
j  androidx.compose.ui.scene.ComposeSceneMediator$setContent$1.invoke()Ljava/lang/Object;+1
j  androidx.compose.ui.scene.ComposeSceneMediator.onComponentAttached()V+15
j  androidx.compose.ui.scene.ComposeContainer.addNotify()V+4
j  androidx.compose.ui.awt.ComposeWindowPanel.addNotify()V+12
j  java.awt.Container.addNotify()V+61 java.desktop@21.0.3
j  javax.swing.JComponent.addNotify()V+1 java.desktop@21.0.3
j  java.awt.Container.addNotify()V+61 java.desktop@21.0.3
j  javax.swing.JComponent.addNotify()V+1 java.desktop@21.0.3
j  java.awt.Container.addNotify()V+61 java.desktop@21.0.3
j  javax.swing.JComponent.addNotify()V+1 java.desktop@21.0.3
j  javax.swing.JRootPane.addNotify()V+1 java.desktop@21.0.3
j  java.awt.Container.addNotify()V+61 java.desktop@21.0.3
j  java.awt.Window.addNotify()V+75 java.desktop@21.0.3
j  java.awt.Frame.addNotify()V+72 java.desktop@21.0.3
j  java.awt.Window.pack()V+28 java.desktop@21.0.3
j  androidx.compose.ui.util.Windows_desktopKt.setSizeImpl-6HolHcs(Ljava/awt/Window;J)V+255
j  androidx.compose.ui.util.Windows_desktopKt.setSizeSafely-hQcJfNw(Ljava/awt/Window;JLandroidx/compose/ui/window/WindowPlacement;)V+28
j  androidx.compose.ui.window.Window_desktopKt$Window$5.invoke(Landroidx/compose/ui/awt/ComposeWindow;)V+100
j  androidx.compose.ui.window.Window_desktopKt$Window$5.invoke(Ljava/lang/Object;)Ljava/lang/Object;+5
j  androidx.compose.ui.window.Window_desktopKt$Window$12$1.invoke(Landroidx/compose/ui/awt/ComposeWindow;)V+58
j  androidx.compose.ui.window.Window_desktopKt$Window$12$1.invoke(Ljava/lang/Object;)Ljava/lang/Object;+5
j  androidx.compose.ui.window.AwtWindow_desktopKt$AwtWindow$3.invoke()V+13
j  androidx.compose.ui.window.AwtWindow_desktopKt$AwtWindow$3.invoke()Ljava/lang/Object;+1
j  androidx.compose.ui.util.UpdateEffect_desktopKt$UpdateEffect$2$performUpdate$1.invoke()V+7
j  androidx.compose.ui.util.UpdateEffect_desktopKt$UpdateEffect$2$performUpdate$1.invoke()Ljava/lang/Object;+1
j  androidx.compose.runtime.snapshots.Snapshot$Companion.observe(Lkotlin/jvm/functions/Function1;Lkotlin/jvm/functions/Function1;Lkotlin/jvm/functions/Function0;)Ljava/lang/Object;+108
j  androidx.compose.runtime.snapshots.SnapshotStateObserver$ObservedScopeMap.observe(Ljava/lang/Object;Lkotlin/jvm/functions/Function1;Lkotlin/jvm/functions/Function0;)V+106
j  androidx.compose.runtime.snapshots.SnapshotStateObserver.observeReads(Ljava/lang/Object;Lkotlin/jvm/functions/Function1;Lkotlin/jvm/functions/Function0;)V+204
j  androidx.compose.ui.util.UpdateEffect_desktopKt$UpdateEffect$2.invoke$performUpdate(Landroidx/compose/runtime/snapshots/SnapshotStateObserver;Lkotlin/jvm/internal/Ref$ObjectRef;Landroidx/compose/runtime/State;)V+38
j  androidx.compose.ui.util.UpdateEffect_desktopKt$UpdateEffect$2.invoke(Landroidx/compose/runtime/DisposableEffectScope;)Landroidx/compose/runtime/DisposableEffectResult;+59
j  androidx.compose.ui.util.UpdateEffect_desktopKt$UpdateEffect$2.invoke(Ljava/lang/Object;)Ljava/lang/Object;+5
j  androidx.compose.runtime.DisposableEffectImpl.onRemembered()V+8
j  androidx.compose.runtime.CompositionImpl$RememberEventDispatcher.dispatchRememberObservers()V+298
j  androidx.compose.runtime.CompositionImpl.applyChangesInLocked(Landroidx/compose/runtime/changelist/ChangeList;)V+175
j  androidx.compose.runtime.CompositionImpl.applyChanges()V+41
j  androidx.compose.runtime.Recomposer.composeInitial$runtime(Landroidx/compose/runtime/ControlledComposition;Lkotlin/jvm/functions/Function2;)V+262
j  androidx.compose.runtime.CompositionImpl.composeInitial(Lkotlin/jvm/functions/Function2;)V+50
j  androidx.compose.runtime.CompositionImpl.setContent(Lkotlin/jvm/functions/Function2;)V+8
j  androidx.compose.ui.window.Application_desktopKt$awaitApplication$2$1$2.invokeSuspend(Ljava/lang/Object;)Ljava/lang/Object;+89
j  kotlin.coroutines.jvm.internal.BaseContinuationImpl.resumeWith(Ljava/lang/Object;)V+44
j  kotlinx.coroutines.DispatchedTask.run()V+317
j  java.awt.event.InvocationEvent.dispatch()V+47 java.desktop@21.0.3
j  java.awt.EventQueue.dispatchEventImpl(Ljava/awt/AWTEvent;Ljava/lang/Object;)V+21 java.desktop@21.0.3
j  java.awt.EventQueue$4.run()Ljava/lang/Void;+32 java.desktop@21.0.3
j  java.awt.EventQueue$4.run()Ljava/lang/Object;+1 java.desktop@21.0.3
j  java.security.AccessController.executePrivileged(Ljava/security/PrivilegedAction;Ljava/security/AccessControlContext;Ljava/lang/Class;)Ljava/lang/Object;+29 java.base@21.0.3
j  java.security.AccessController.doPrivileged(Ljava/security/PrivilegedAction;Ljava/security/AccessControlContext;)Ljava/lang/Object;+13 java.base@21.0.3
j  java.security.ProtectionDomain$JavaSecurityAccessImpl.doIntersectionPrivilege(Ljava/security/PrivilegedAction;Ljava/security/AccessControlContext;Ljava/security/AccessControlContext;)Ljava/lang/Object;+18 java.base@21.0.3
j  java.awt.EventQueue.dispatchEvent(Ljava/awt/AWTEvent;)V+46 java.desktop@21.0.3
j  java.awt.EventDispatchThread.pumpOneEventForFilters(I)V+81 java.desktop@21.0.3
j  java.awt.EventDispatchThread.pumpEventsForFilter(ILjava/awt/Conditional;Ljava/awt/EventFilter;)V+35 java.desktop@21.0.3
j  java.awt.EventDispatchThread.pumpEventsForHierarchy(ILjava/awt/Conditional;Ljava/awt/Component;)V+11 java.desktop@21.0.3
j  java.awt.EventDispatchThread.pumpEvents(ILjava/awt/Conditional;)V+4 java.desktop@21.0.3
j  java.awt.EventDispatchThread.pumpEvents(Ljava/awt/Conditional;)V+3 java.desktop@21.0.3
j  java.awt.EventDispatchThread.run()V+9 java.desktop@21.0.3
v  ~StubRoutines::call_stub 0x00000174623110e7
invokestatic  184 invokestatic  [0x0000017462329fc0, 0x000001746232a288]  712 bytes
[MachCode]
  0x0000017462329fc0: 4883 ec08 | c5fa 1104 | 24eb 1f48 | 83ec 10c5 | fb11 0424 | eb14 4883 | ec10 4889 | 0424 48c7 
  0x0000017462329fe0: 4424 0800 | 0000 00eb | 0150 4c89 | 6dc0 410f | b755 0148 | 8b4d d0c1 | e202 8b5c | d138 c1eb 
  0x000001746232a000: 1081 e3ff | 0000 0081 | fbb8 0000 | 000f 84b4 | 0000 00bb | b800 0000 | e805 0000 | 00e9 9900 
  0x000001746232a020: 0000 488b | d348 8d44 | 2408 4c89 | 6dc0 498b | cfc5 f877 | 4989 afa8 | 0300 0049 | 8987 9803 
  0x000001746232a040: 0000 4883 | ec20 40f6 | c40f 0f84 | 1900 0000 | 4883 ec08 | 48b8 20e0 | d04e fb7f | 0000 ffd0 
  0x000001746232a060: 4883 c408 | e90c 0000 | 0048 b820 | e0d0 4efb | 7f00 00ff | d048 83c4 | 2049 c787 | 9803 0000 
  0x000001746232a080: 0000 0000 | 49c7 87a8 | 0300 0000 | 0000 0049 | c787 a003 | 0000 0000 | 0000 c5f8 | 7749 837f 
  0x000001746232a0a0: 0800 0f84 | 0500 0000 | e953 6efe | ff4c 8b6d | c04c 8b75 | c84e 8d74 | f500 c341 | 0fb7 5501 
  0x000001746232a0c0: 488b 4dd0 | c1e2 0248 | 8b5c d140 | 488b 5b08 | 488b 5b08 | 488b 5b18 | 80bb 2001 | 0000 050f 
  0x000001746232a0e0: 840d 0000 | 004c 3bbb | 3001 0000 | 0f85 21ff | ffff 488b | 5cd1 408b | 54d1 50c1 | ea1c 49ba 
  0x000001746232a100: 000a 5f4f | fb7f 0000 | 498b 14d2 | 5248 8b45 | d848 85c0 | 0f84 1200 | 0000 4883 | 4008 0148 
  0x000001746232a120: 8358 0800 | 4883 c010 | 4889 45d8 | 488b 45d8 | 4885 c00f | 843d 0100 | 0080 78f0 | 0a0f 8533 
  0x000001746232a140: 0100 0048 | 83c0 084c | 8b68 f841 | 83ed 0041 | 83fd 020f | 8c12 0100 | 004c 8b6b | 0845 0fb7 
  0x000001746232a160: 6d2e 4c2b | 2841 83ed | 014e 8b6c | ec08 4d85 | ed75 0ef6 | 4008 0175 | 58f0 4883 | 4808 01eb 
  0x000001746232a180: 5045 8b6d | 0849 ba00 | 0000 0074 | 0100 004d | 03ea 4d8b | d54c 3368 | 0849 f7c5 | fcff ffff 
  0x000001746232a1a0: 742f 41f6 | c502 7529 | 4883 7808 | 0074 1e48 | 8378 0801 | 7417 4d8b | ea4c 3368 | 0849 f7c5 
  0x000001746232a1c0: fcff ffff | 740b 4883 | 4808 02eb | 044c 8968 | 0848 83c0 | 104c 8b68 | e841 83ed | 0241 83fd 
  0x000001746232a1e0: 020f 8c84 | 0000 004c | 8b6b 0845 | 0fb7 6d2e | 4c2b 2841 | 83ed 014e | 8b6c ec08 | 4d85 ed75 
  0x000001746232a200: 0ef6 4008 | 0175 58f0 | 4883 4808 | 01eb 5045 | 8b6d 0849 | ba00 0000 | 0074 0100 | 004d 03ea 
  0x000001746232a220: 4d8b d54c | 3368 0849 | f7c5 fcff | ffff 742f | 41f6 c502 | 7529 4883 | 7808 0074 | 1e48 8378 
  0x000001746232a240: 0801 7417 | 4d8b ea4c | 3368 0849 | f7c5 fcff | ffff 740b | 4883 4808 | 02eb 044c | 8968 0848 
  0x000001746232a260: 83c0 104c | 8b68 d841 | 83ed 0441 | c1e5 0349 | 03c5 4889 | 45d8 4c8d | 6c24 084c | 896d f0ff 
  0x000001746232a280: 6350 660f | 1f44 0000 
[/MachCode]

---------------  P R O C E S S  ---------------

Threads class SMR info:
_java_thread_list=0x000001746fb310a0, length=20, elements={
0x0000017450517c90, 0x000001746f2542e0, 0x000001746f255910, 0x000001746f258900,
0x000001746f25c980, 0x000001746f25ecf0, 0x000001746f25f840, 0x000001746f25ffe0,
0x000001746f2711d0, 0x000001746f52f320, 0x000001746f535960, 0x000001746f964560,
0x000001746f965450, 0x000001746f965e90, 0x000001746fa724a0, 0x000001746fa75580,
0x000001746fb04da0, 0x000001746fb11d70, 0x000001746faf6700, 0x000001746fb406a0
}

Java Threads: ( => current thread )
  0x0000017450517c90 JavaThread "main"                              [_thread_blocked, id=13580, stack(0x0000003ca3400000,0x0000003ca3500000) (1024K)]
  0x000001746f2542e0 JavaThread "Reference Handler"          daemon [_thread_blocked, id=15316, stack(0x0000003ca3c00000,0x0000003ca3d00000) (1024K)]
  0x000001746f255910 JavaThread "Finalizer"                  daemon [_thread_blocked, id=20872, stack(0x0000003ca3d00000,0x0000003ca3e00000) (1024K)]
  0x000001746f258900 JavaThread "Signal Dispatcher"          daemon [_thread_blocked, id=9600, stack(0x0000003ca3e00000,0x0000003ca3f00000) (1024K)]
  0x000001746f25c980 JavaThread "Attach Listener"            daemon [_thread_blocked, id=19348, stack(0x0000003ca3f00000,0x0000003ca4000000) (1024K)]
  0x000001746f25ecf0 JavaThread "Service Thread"             daemon [_thread_blocked, id=20704, stack(0x0000003ca4000000,0x0000003ca4100000) (1024K)]
  0x000001746f25f840 JavaThread "Monitor Deflation Thread"   daemon [_thread_blocked, id=20060, stack(0x0000003ca4100000,0x0000003ca4200000) (1024K)]
  0x000001746f25ffe0 JavaThread "C2 CompilerThread0"         daemon [_thread_blocked, id=12188, stack(0x0000003ca4200000,0x0000003ca4300000) (1024K)]
  0x000001746f2711d0 JavaThread "C1 CompilerThread0"         daemon [_thread_blocked, id=22076, stack(0x0000003ca4300000,0x0000003ca4400000) (1024K)]
  0x000001746f52f320 JavaThread "Notification Thread"        daemon [_thread_blocked, id=20656, stack(0x0000003ca4400000,0x0000003ca4500000) (1024K)]
  0x000001746f535960 JavaThread "Common-Cleaner"             daemon [_thread_blocked, id=11000, stack(0x0000003ca4500000,0x0000003ca4600000) (1024K)]
  0x000001746f964560 JavaThread "Java2D Disposer"            daemon [_thread_blocked, id=16252, stack(0x0000003ca4600000,0x0000003ca4700000) (1024K)]
  0x000001746f965450 JavaThread "AWT-Shutdown"                      [_thread_blocked, id=12452, stack(0x0000003ca4700000,0x0000003ca4800000) (1024K)]
  0x000001746f965e90 JavaThread "AWT-Windows"                daemon [_thread_in_native, id=3164, stack(0x0000003ca4800000,0x0000003ca4900000) (1024K)]
  0x000001746fa724a0 JavaThread "DefaultDispatcher-worker-1" daemon [_thread_blocked, id=4952, stack(0x0000003ca4900000,0x0000003ca4a00000) (1024K)]
  0x000001746fa75580 JavaThread "DefaultDispatcher-worker-2" daemon [_thread_blocked, id=17216, stack(0x0000003ca4a00000,0x0000003ca4b00000) (1024K)]
  0x000001746fb04da0 JavaThread "DefaultDispatcher-worker-3" daemon [_thread_blocked, id=22868, stack(0x0000003ca4b00000,0x0000003ca4c00000) (1024K)]
  0x000001746fb11d70 JavaThread "Reference Cleaner"          daemon [_thread_blocked, id=23236, stack(0x0000003ca4c00000,0x0000003ca4d00000) (1024K)]
  0x000001746faf6700 JavaThread "kotlinx.coroutines.DefaultExecutor" daemon [_thread_blocked, id=13992, stack(0x0000003ca4d00000,0x0000003ca4e00000) (1024K)]
=>0x000001746fb406a0 JavaThread "AWT-EventQueue-0"                  [_thread_in_vm, id=19884, stack(0x0000003ca4e00000,0x0000003ca4f00000) (1024K)]
Total: 20

Other Threads:
  0x000001746f237050 VMThread "VM Thread"                           [id=11288, stack(0x0000003ca3b00000,0x0000003ca3c00000) (1024K)]
  0x000001746f21f2c0 WatcherThread "VM Periodic Task Thread"        [id=3144, stack(0x0000003ca3a00000,0x0000003ca3b00000) (1024K)]
  0x0000017452768240 WorkerThread "GC Thread#0"                     [id=23324, stack(0x0000003ca3500000,0x0000003ca3600000) (1024K)]
  0x000001746fcf48c0 WorkerThread "GC Thread#1"                     [id=12228, stack(0x0000003ca4f00000,0x0000003ca5000000) (1024K)]
  0x000001746fcf4c60 WorkerThread "GC Thread#2"                     [id=9796, stack(0x0000003ca5000000,0x0000003ca5100000) (1024K)]
  0x000001746fdd1780 WorkerThread "GC Thread#3"                     [id=18960, stack(0x0000003ca5100000,0x0000003ca5200000) (1024K)]
  0x000001746fcf3960 WorkerThread "GC Thread#4"                     [id=7440, stack(0x0000003ca5200000,0x0000003ca5300000) (1024K)]
  0x000001746fcf40d0 WorkerThread "GC Thread#5"                     [id=18140, stack(0x0000003ca5300000,0x0000003ca5400000) (1024K)]
  0x000001746fe3d030 WorkerThread "GC Thread#6"                     [id=9688, stack(0x0000003ca5400000,0x0000003ca5500000) (1024K)]
  0x0000017452778d90 ConcurrentGCThread "G1 Main Marker"            [id=15712, stack(0x0000003ca3600000,0x0000003ca3700000) (1024K)]
  0x0000017452779890 WorkerThread "G1 Conc#0"                       [id=8000, stack(0x0000003ca3700000,0x0000003ca3800000) (1024K)]
  0x00000174527ce690 ConcurrentGCThread "G1 Refine#0"               [id=15048, stack(0x0000003ca3800000,0x0000003ca3900000) (1024K)]
  0x000001746f0f23c0 ConcurrentGCThread "G1 Service"                [id=21296, stack(0x0000003ca3900000,0x0000003ca3a00000) (1024K)]
Total: 13

Threads with active compile tasks:
Total: 0

VM state: not at safepoint (normal execution)

VM Mutex/Monitor currently owned by a thread:  ([mutex/lock_event])
[0x00007ffb4f5df048] Metaspace_lock - owner thread: 0x000001746fb406a0

Heap address: 0x0000000083200000, size: 1998 MB, Compressed Oops mode: 32-bit

CDS archive(s) mapped at: [0x0000017400000000-0x0000017400c90000-0x0000017400c90000), size 13172736, SharedBaseAddress: 0x0000017400000000, ArchiveRelocationMode: 1.
Compressed class space mapped at: 0x0000017401000000-0x0000017441000000, reserved size: 1073741824
Narrow klass base: 0x0000017400000000, Narrow klass shift: 0, Narrow klass range: 0x100000000

GC Precious Log:
 CardTable entry size: 512
 Card Set container configuration: InlinePtr #cards 5 size 8 Array Of Cards #cards 12 size 40 Howl #buckets 4 coarsen threshold 1843 Howl Bitmap #cards 512 size 80 coarsen threshold 460 Card regions per heap region 1 cards per card region 2048
 CPUs: 8 total, 8 available
 Memory: 7991M
 Large Page Support: Disabled
 NUMA Support: Disabled
 Compressed Oops: Enabled (32-bit)
 Heap Region Size: 1M
 Heap Min Capacity: 8M
 Heap Initial Capacity: 126M
 Heap Max Capacity: 1998M
 Pre-touch: Disabled
 Parallel Workers: 8
 Concurrent Workers: 2
 Concurrent Refinement Workers: 8
 Periodic GC: Disabled

Heap:
 garbage-first heap   total 129024K, used 27183K [0x0000000083200000, 0x0000000100000000)
  region size 1024K, 26 young (26624K), 3 survivors (3072K)
 Metaspace       used 17520K, committed 17664K, reserved 1114112K
  class space    used 1781K, committed 1856K, reserved 1048576K

Heap Regions: E=young(eden), S=young(survivor), O=old, HS=humongous(starts), HC=humongous(continues), CS=collection set, F=free, TAMS=top-at-mark-start, PB=parsable bottom
|   0|0x0000000083200000, 0x0000000083300000, 0x0000000083300000|100%|HS|  |TAMS 0x0000000083200000| PB 0x0000000083200000| Complete 
|   1|0x0000000083300000, 0x0000000083400000, 0x0000000083400000|100%|HC|  |TAMS 0x0000000083300000| PB 0x0000000083300000| Complete 
|   2|0x0000000083400000, 0x0000000083400000, 0x0000000083500000|  0%| F|  |TAMS 0x0000000083400000| PB 0x0000000083400000| Untracked 
|   3|0x0000000083500000, 0x000000008358bce0, 0x0000000083600000| 54%| O|  |TAMS 0x0000000083500000| PB 0x0000000083500000| Untracked 
|   4|0x0000000083600000, 0x0000000083600000, 0x0000000083700000|  0%| F|  |TAMS 0x0000000083600000| PB 0x0000000083600000| Untracked 
|   5|0x0000000083700000, 0x0000000083700000, 0x0000000083800000|  0%| F|  |TAMS 0x0000000083700000| PB 0x0000000083700000| Untracked 
|   6|0x0000000083800000, 0x0000000083800000, 0x0000000083900000|  0%| F|  |TAMS 0x0000000083800000| PB 0x0000000083800000| Untracked 
|   7|0x0000000083900000, 0x0000000083900000, 0x0000000083a00000|  0%| F|  |TAMS 0x0000000083900000| PB 0x0000000083900000| Untracked 
|   8|0x0000000083a00000, 0x0000000083a00000, 0x0000000083b00000|  0%| F|  |TAMS 0x0000000083a00000| PB 0x0000000083a00000| Untracked 
|   9|0x0000000083b00000, 0x0000000083b00000, 0x0000000083c00000|  0%| F|  |TAMS 0x0000000083b00000| PB 0x0000000083b00000| Untracked 
|  10|0x0000000083c00000, 0x0000000083c00000, 0x0000000083d00000|  0%| F|  |TAMS 0x0000000083c00000| PB 0x0000000083c00000| Untracked 
|  11|0x0000000083d00000, 0x0000000083d00000, 0x0000000083e00000|  0%| F|  |TAMS 0x0000000083d00000| PB 0x0000000083d00000| Untracked 
|  12|0x0000000083e00000, 0x0000000083e00000, 0x0000000083f00000|  0%| F|  |TAMS 0x0000000083e00000| PB 0x0000000083e00000| Untracked 
|  13|0x0000000083f00000, 0x0000000083f00000, 0x0000000084000000|  0%| F|  |TAMS 0x0000000083f00000| PB 0x0000000083f00000| Untracked 
|  14|0x0000000084000000, 0x0000000084000000, 0x0000000084100000|  0%| F|  |TAMS 0x0000000084000000| PB 0x0000000084000000| Untracked 
|  15|0x0000000084100000, 0x0000000084100000, 0x0000000084200000|  0%| F|  |TAMS 0x0000000084100000| PB 0x0000000084100000| Untracked 
|  16|0x0000000084200000, 0x0000000084200000, 0x0000000084300000|  0%| F|  |TAMS 0x0000000084200000| PB 0x0000000084200000| Untracked 
|  17|0x0000000084300000, 0x0000000084300000, 0x0000000084400000|  0%| F|  |TAMS 0x0000000084300000| PB 0x0000000084300000| Untracked 
|  18|0x0000000084400000, 0x0000000084400000, 0x0000000084500000|  0%| F|  |TAMS 0x0000000084400000| PB 0x0000000084400000| Untracked 
|  19|0x0000000084500000, 0x0000000084500000, 0x0000000084600000|  0%| F|  |TAMS 0x0000000084500000| PB 0x0000000084500000| Untracked 
|  20|0x0000000084600000, 0x0000000084600000, 0x0000000084700000|  0%| F|  |TAMS 0x0000000084600000| PB 0x0000000084600000| Untracked 
|  21|0x0000000084700000, 0x0000000084700000, 0x0000000084800000|  0%| F|  |TAMS 0x0000000084700000| PB 0x0000000084700000| Untracked 
|  22|0x0000000084800000, 0x0000000084800000, 0x0000000084900000|  0%| F|  |TAMS 0x0000000084800000| PB 0x0000000084800000| Untracked 
|  23|0x0000000084900000, 0x0000000084900000, 0x0000000084a00000|  0%| F|  |TAMS 0x0000000084900000| PB 0x0000000084900000| Untracked 
|  24|0x0000000084a00000, 0x0000000084a00000, 0x0000000084b00000|  0%| F|  |TAMS 0x0000000084a00000| PB 0x0000000084a00000| Untracked 
|  25|0x0000000084b00000, 0x0000000084b00000, 0x0000000084c00000|  0%| F|  |TAMS 0x0000000084b00000| PB 0x0000000084b00000| Untracked 
|  26|0x0000000084c00000, 0x0000000084c00000, 0x0000000084d00000|  0%| F|  |TAMS 0x0000000084c00000| PB 0x0000000084c00000| Untracked 
|  27|0x0000000084d00000, 0x0000000084d00000, 0x0000000084e00000|  0%| F|  |TAMS 0x0000000084d00000| PB 0x0000000084d00000| Untracked 
|  28|0x0000000084e00000, 0x0000000084e00000, 0x0000000084f00000|  0%| F|  |TAMS 0x0000000084e00000| PB 0x0000000084e00000| Untracked 
|  29|0x0000000084f00000, 0x0000000084f00000, 0x0000000085000000|  0%| F|  |TAMS 0x0000000084f00000| PB 0x0000000084f00000| Untracked 
|  30|0x0000000085000000, 0x0000000085000000, 0x0000000085100000|  0%| F|  |TAMS 0x0000000085000000| PB 0x0000000085000000| Untracked 
|  31|0x0000000085100000, 0x0000000085100000, 0x0000000085200000|  0%| F|  |TAMS 0x0000000085100000| PB 0x0000000085100000| Untracked 
|  32|0x0000000085200000, 0x0000000085200000, 0x0000000085300000|  0%| F|  |TAMS 0x0000000085200000| PB 0x0000000085200000| Untracked 
|  33|0x0000000085300000, 0x0000000085300000, 0x0000000085400000|  0%| F|  |TAMS 0x0000000085300000| PB 0x0000000085300000| Untracked 
|  34|0x0000000085400000, 0x0000000085400000, 0x0000000085500000|  0%| F|  |TAMS 0x0000000085400000| PB 0x0000000085400000| Untracked 
|  35|0x0000000085500000, 0x0000000085500000, 0x0000000085600000|  0%| F|  |TAMS 0x0000000085500000| PB 0x0000000085500000| Untracked 
|  36|0x0000000085600000, 0x0000000085600000, 0x0000000085700000|  0%| F|  |TAMS 0x0000000085600000| PB 0x0000000085600000| Untracked 
|  37|0x0000000085700000, 0x0000000085700000, 0x0000000085800000|  0%| F|  |TAMS 0x0000000085700000| PB 0x0000000085700000| Untracked 
|  38|0x0000000085800000, 0x0000000085800000, 0x0000000085900000|  0%| F|  |TAMS 0x0000000085800000| PB 0x0000000085800000| Untracked 
|  39|0x0000000085900000, 0x0000000085900000, 0x0000000085a00000|  0%| F|  |TAMS 0x0000000085900000| PB 0x0000000085900000| Untracked 
|  40|0x0000000085a00000, 0x0000000085a00000, 0x0000000085b00000|  0%| F|  |TAMS 0x0000000085a00000| PB 0x0000000085a00000| Untracked 
|  41|0x0000000085b00000, 0x0000000085b00000, 0x0000000085c00000|  0%| F|  |TAMS 0x0000000085b00000| PB 0x0000000085b00000| Untracked 
|  42|0x0000000085c00000, 0x0000000085c00000, 0x0000000085d00000|  0%| F|  |TAMS 0x0000000085c00000| PB 0x0000000085c00000| Untracked 
|  43|0x0000000085d00000, 0x0000000085d00000, 0x0000000085e00000|  0%| F|  |TAMS 0x0000000085d00000| PB 0x0000000085d00000| Untracked 
|  44|0x0000000085e00000, 0x0000000085e00000, 0x0000000085f00000|  0%| F|  |TAMS 0x0000000085e00000| PB 0x0000000085e00000| Untracked 
|  45|0x0000000085f00000, 0x0000000085f00000, 0x0000000086000000|  0%| F|  |TAMS 0x0000000085f00000| PB 0x0000000085f00000| Untracked 
|  46|0x0000000086000000, 0x0000000086000000, 0x0000000086100000|  0%| F|  |TAMS 0x0000000086000000| PB 0x0000000086000000| Untracked 
|  47|0x0000000086100000, 0x0000000086100000, 0x0000000086200000|  0%| F|  |TAMS 0x0000000086100000| PB 0x0000000086100000| Untracked 
|  48|0x0000000086200000, 0x0000000086200000, 0x0000000086300000|  0%| F|  |TAMS 0x0000000086200000| PB 0x0000000086200000| Untracked 
|  49|0x0000000086300000, 0x0000000086300000, 0x0000000086400000|  0%| F|  |TAMS 0x0000000086300000| PB 0x0000000086300000| Untracked 
|  50|0x0000000086400000, 0x0000000086400000, 0x0000000086500000|  0%| F|  |TAMS 0x0000000086400000| PB 0x0000000086400000| Untracked 
|  51|0x0000000086500000, 0x0000000086500000, 0x0000000086600000|  0%| F|  |TAMS 0x0000000086500000| PB 0x0000000086500000| Untracked 
|  52|0x0000000086600000, 0x0000000086600000, 0x0000000086700000|  0%| F|  |TAMS 0x0000000086600000| PB 0x0000000086600000| Untracked 
|  53|0x0000000086700000, 0x0000000086700000, 0x0000000086800000|  0%| F|  |TAMS 0x0000000086700000| PB 0x0000000086700000| Untracked 
|  54|0x0000000086800000, 0x0000000086800000, 0x0000000086900000|  0%| F|  |TAMS 0x0000000086800000| PB 0x0000000086800000| Untracked 
|  55|0x0000000086900000, 0x0000000086900000, 0x0000000086a00000|  0%| F|  |TAMS 0x0000000086900000| PB 0x0000000086900000| Untracked 
|  56|0x0000000086a00000, 0x0000000086a00000, 0x0000000086b00000|  0%| F|  |TAMS 0x0000000086a00000| PB 0x0000000086a00000| Untracked 
|  57|0x0000000086b00000, 0x0000000086b00000, 0x0000000086c00000|  0%| F|  |TAMS 0x0000000086b00000| PB 0x0000000086b00000| Untracked 
|  58|0x0000000086c00000, 0x0000000086c00000, 0x0000000086d00000|  0%| F|  |TAMS 0x0000000086c00000| PB 0x0000000086c00000| Untracked 
|  59|0x0000000086d00000, 0x0000000086d00000, 0x0000000086e00000|  0%| F|  |TAMS 0x0000000086d00000| PB 0x0000000086d00000| Untracked 
|  60|0x0000000086e00000, 0x0000000086e00000, 0x0000000086f00000|  0%| F|  |TAMS 0x0000000086e00000| PB 0x0000000086e00000| Untracked 
|  61|0x0000000086f00000, 0x0000000086f00000, 0x0000000087000000|  0%| F|  |TAMS 0x0000000086f00000| PB 0x0000000086f00000| Untracked 
|  62|0x0000000087000000, 0x0000000087000000, 0x0000000087100000|  0%| F|  |TAMS 0x0000000087000000| PB 0x0000000087000000| Untracked 
|  63|0x0000000087100000, 0x0000000087100000, 0x0000000087200000|  0%| F|  |TAMS 0x0000000087100000| PB 0x0000000087100000| Untracked 
|  64|0x0000000087200000, 0x0000000087200000, 0x0000000087300000|  0%| F|  |TAMS 0x0000000087200000| PB 0x0000000087200000| Untracked 
|  65|0x0000000087300000, 0x0000000087300000, 0x0000000087400000|  0%| F|  |TAMS 0x0000000087300000| PB 0x0000000087300000| Untracked 
|  66|0x0000000087400000, 0x0000000087400000, 0x0000000087500000|  0%| F|  |TAMS 0x0000000087400000| PB 0x0000000087400000| Untracked 
|  67|0x0000000087500000, 0x0000000087500000, 0x0000000087600000|  0%| F|  |TAMS 0x0000000087500000| PB 0x0000000087500000| Untracked 
|  68|0x0000000087600000, 0x0000000087600000, 0x0000000087700000|  0%| F|  |TAMS 0x0000000087600000| PB 0x0000000087600000| Untracked 
|  69|0x0000000087700000, 0x0000000087700000, 0x0000000087800000|  0%| F|  |TAMS 0x0000000087700000| PB 0x0000000087700000| Untracked 
|  70|0x0000000087800000, 0x0000000087800000, 0x0000000087900000|  0%| F|  |TAMS 0x0000000087800000| PB 0x0000000087800000| Untracked 
|  71|0x0000000087900000, 0x0000000087900000, 0x0000000087a00000|  0%| F|  |TAMS 0x0000000087900000| PB 0x0000000087900000| Untracked 
|  72|0x0000000087a00000, 0x0000000087a00000, 0x0000000087b00000|  0%| F|  |TAMS 0x0000000087a00000| PB 0x0000000087a00000| Untracked 
|  73|0x0000000087b00000, 0x0000000087b00000, 0x0000000087c00000|  0%| F|  |TAMS 0x0000000087b00000| PB 0x0000000087b00000| Untracked 
|  74|0x0000000087c00000, 0x0000000087c00000, 0x0000000087d00000|  0%| F|  |TAMS 0x0000000087c00000| PB 0x0000000087c00000| Untracked 
|  75|0x0000000087d00000, 0x0000000087d00000, 0x0000000087e00000|  0%| F|  |TAMS 0x0000000087d00000| PB 0x0000000087d00000| Untracked 
|  76|0x0000000087e00000, 0x0000000087e00000, 0x0000000087f00000|  0%| F|  |TAMS 0x0000000087e00000| PB 0x0000000087e00000| Untracked 
|  77|0x0000000087f00000, 0x0000000087f00000, 0x0000000088000000|  0%| F|  |TAMS 0x0000000087f00000| PB 0x0000000087f00000| Untracked 
|  78|0x0000000088000000, 0x0000000088000000, 0x0000000088100000|  0%| F|  |TAMS 0x0000000088000000| PB 0x0000000088000000| Untracked 
|  79|0x0000000088100000, 0x0000000088100000, 0x0000000088200000|  0%| F|  |TAMS 0x0000000088100000| PB 0x0000000088100000| Untracked 
|  80|0x0000000088200000, 0x0000000088200000, 0x0000000088300000|  0%| F|  |TAMS 0x0000000088200000| PB 0x0000000088200000| Untracked 
|  81|0x0000000088300000, 0x0000000088300000, 0x0000000088400000|  0%| F|  |TAMS 0x0000000088300000| PB 0x0000000088300000| Untracked 
|  82|0x0000000088400000, 0x0000000088400000, 0x0000000088500000|  0%| F|  |TAMS 0x0000000088400000| PB 0x0000000088400000| Untracked 
|  83|0x0000000088500000, 0x0000000088500000, 0x0000000088600000|  0%| F|  |TAMS 0x0000000088500000| PB 0x0000000088500000| Untracked 
|  84|0x0000000088600000, 0x0000000088600000, 0x0000000088700000|  0%| F|  |TAMS 0x0000000088600000| PB 0x0000000088600000| Untracked 
|  85|0x0000000088700000, 0x0000000088700000, 0x0000000088800000|  0%| F|  |TAMS 0x0000000088700000| PB 0x0000000088700000| Untracked 
|  86|0x0000000088800000, 0x0000000088800000, 0x0000000088900000|  0%| F|  |TAMS 0x0000000088800000| PB 0x0000000088800000| Untracked 
|  87|0x0000000088900000, 0x0000000088900000, 0x0000000088a00000|  0%| F|  |TAMS 0x0000000088900000| PB 0x0000000088900000| Untracked 
|  88|0x0000000088a00000, 0x0000000088a00000, 0x0000000088b00000|  0%| F|  |TAMS 0x0000000088a00000| PB 0x0000000088a00000| Untracked 
|  89|0x0000000088b00000, 0x0000000088b00000, 0x0000000088c00000|  0%| F|  |TAMS 0x0000000088b00000| PB 0x0000000088b00000| Untracked 
|  90|0x0000000088c00000, 0x0000000088c00000, 0x0000000088d00000|  0%| F|  |TAMS 0x0000000088c00000| PB 0x0000000088c00000| Untracked 
|  91|0x0000000088d00000, 0x0000000088d00000, 0x0000000088e00000|  0%| F|  |TAMS 0x0000000088d00000| PB 0x0000000088d00000| Untracked 
|  92|0x0000000088e00000, 0x0000000088e00000, 0x0000000088f00000|  0%| F|  |TAMS 0x0000000088e00000| PB 0x0000000088e00000| Untracked 
|  93|0x0000000088f00000, 0x0000000088f00000, 0x0000000089000000|  0%| F|  |TAMS 0x0000000088f00000| PB 0x0000000088f00000| Untracked 
|  94|0x0000000089000000, 0x0000000089000000, 0x0000000089100000|  0%| F|  |TAMS 0x0000000089000000| PB 0x0000000089000000| Untracked 
|  95|0x0000000089100000, 0x0000000089100000, 0x0000000089200000|  0%| F|  |TAMS 0x0000000089100000| PB 0x0000000089100000| Untracked 
|  96|0x0000000089200000, 0x0000000089200000, 0x0000000089300000|  0%| F|  |TAMS 0x0000000089200000| PB 0x0000000089200000| Untracked 
|  97|0x0000000089300000, 0x0000000089300000, 0x0000000089400000|  0%| F|  |TAMS 0x0000000089300000| PB 0x0000000089300000| Untracked 
|  98|0x0000000089400000, 0x0000000089400000, 0x0000000089500000|  0%| F|  |TAMS 0x0000000089400000| PB 0x0000000089400000| Untracked 
|  99|0x0000000089500000, 0x0000000089500000, 0x0000000089600000|  0%| F|  |TAMS 0x0000000089500000| PB 0x0000000089500000| Untracked 
| 100|0x0000000089600000, 0x0000000089700000, 0x0000000089700000|100%| S|CS|TAMS 0x0000000089600000| PB 0x0000000089600000| Complete 
| 101|0x0000000089700000, 0x0000000089800000, 0x0000000089800000|100%| S|CS|TAMS 0x0000000089700000| PB 0x0000000089700000| Complete 
| 102|0x0000000089800000, 0x0000000089900000, 0x0000000089900000|100%| S|CS|TAMS 0x0000000089800000| PB 0x0000000089800000| Complete 
| 103|0x0000000089900000, 0x0000000089949ec8, 0x0000000089a00000| 28%| E|  |TAMS 0x0000000089900000| PB 0x0000000089900000| Complete 
| 104|0x0000000089a00000, 0x0000000089b00000, 0x0000000089b00000|100%| E|CS|TAMS 0x0000000089a00000| PB 0x0000000089a00000| Complete 
| 105|0x0000000089b00000, 0x0000000089c00000, 0x0000000089c00000|100%| E|CS|TAMS 0x0000000089b00000| PB 0x0000000089b00000| Complete 
| 106|0x0000000089c00000, 0x0000000089d00000, 0x0000000089d00000|100%| E|CS|TAMS 0x0000000089c00000| PB 0x0000000089c00000| Complete 
| 107|0x0000000089d00000, 0x0000000089e00000, 0x0000000089e00000|100%| E|CS|TAMS 0x0000000089d00000| PB 0x0000000089d00000| Complete 
| 108|0x0000000089e00000, 0x0000000089f00000, 0x0000000089f00000|100%| E|CS|TAMS 0x0000000089e00000| PB 0x0000000089e00000| Complete 
| 109|0x0000000089f00000, 0x000000008a000000, 0x000000008a000000|100%| E|CS|TAMS 0x0000000089f00000| PB 0x0000000089f00000| Complete 
| 110|0x000000008a000000, 0x000000008a100000, 0x000000008a100000|100%| E|  |TAMS 0x000000008a000000| PB 0x000000008a000000| Complete 
| 111|0x000000008a100000, 0x000000008a200000, 0x000000008a200000|100%| E|CS|TAMS 0x000000008a100000| PB 0x000000008a100000| Complete 
| 112|0x000000008a200000, 0x000000008a300000, 0x000000008a300000|100%| E|CS|TAMS 0x000000008a200000| PB 0x000000008a200000| Complete 
| 113|0x000000008a300000, 0x000000008a400000, 0x000000008a400000|100%| E|CS|TAMS 0x000000008a300000| PB 0x000000008a300000| Complete 
| 114|0x000000008a400000, 0x000000008a500000, 0x000000008a500000|100%| E|CS|TAMS 0x000000008a400000| PB 0x000000008a400000| Complete 
| 115|0x000000008a500000, 0x000000008a600000, 0x000000008a600000|100%| E|CS|TAMS 0x000000008a500000| PB 0x000000008a500000| Complete 
| 116|0x000000008a600000, 0x000000008a700000, 0x000000008a700000|100%| E|CS|TAMS 0x000000008a600000| PB 0x000000008a600000| Complete 
| 117|0x000000008a700000, 0x000000008a800000, 0x000000008a800000|100%| E|CS|TAMS 0x000000008a700000| PB 0x000000008a700000| Complete 
| 118|0x000000008a800000, 0x000000008a900000, 0x000000008a900000|100%| E|CS|TAMS 0x000000008a800000| PB 0x000000008a800000| Complete 
| 119|0x000000008a900000, 0x000000008aa00000, 0x000000008aa00000|100%| E|CS|TAMS 0x000000008a900000| PB 0x000000008a900000| Complete 
| 120|0x000000008aa00000, 0x000000008ab00000, 0x000000008ab00000|100%| E|CS|TAMS 0x000000008aa00000| PB 0x000000008aa00000| Complete 
| 121|0x000000008ab00000, 0x000000008ac00000, 0x000000008ac00000|100%| E|CS|TAMS 0x000000008ab00000| PB 0x000000008ab00000| Complete 
| 122|0x000000008ac00000, 0x000000008ad00000, 0x000000008ad00000|100%| E|CS|TAMS 0x000000008ac00000| PB 0x000000008ac00000| Complete 
| 123|0x000000008ad00000, 0x000000008ae00000, 0x000000008ae00000|100%| E|CS|TAMS 0x000000008ad00000| PB 0x000000008ad00000| Complete 
| 124|0x000000008ae00000, 0x000000008af00000, 0x000000008af00000|100%| E|CS|TAMS 0x000000008ae00000| PB 0x000000008ae00000| Complete 
| 125|0x000000008af00000, 0x000000008b000000, 0x000000008b000000|100%| E|CS|TAMS 0x000000008af00000| PB 0x000000008af00000| Complete 

Card table byte_map: [0x000001746a500000,0x000001746a8f0000] _byte_map_base: 0x000001746a0e7000

Marking Bits: (CMBitMap*) 0x0000017452768940
 Bits: [0x000001746a8f0000, 0x000001746c828000)

Polling page: 0x0000017450700000

Metaspace:

Usage:
  Non-class:     15.37 MB used.
      Class:      1.74 MB used.
       Both:     17.11 MB used.

Virtual space:
  Non-class space:       64.00 MB reserved,      15.44 MB ( 24%) committed,  1 nodes.
      Class space:        1.00 GB reserved,       1.81 MB ( <1%) committed,  1 nodes.
             Both:        1.06 GB reserved,      17.25 MB (  2%) committed. 

Chunk freelists:
   Non-Class:  112.00 KB
       Class:  14.20 MB
        Both:  14.31 MB

MaxMetaspaceSize: unlimited
CompressedClassSpaceSize: 1.00 GB
Initial GC threshold: 21.00 MB
Current GC threshold: 21.00 MB
CDS: on
 - commit_granule_bytes: 65536.
 - commit_granule_words: 8192.
 - virtual_space_node_default_size: 8388608.
 - enlarge_chunks_in_place: 1.
 - use_allocation_guard: 0.


Internal statistics:

num_allocs_failed_limit: 0.
num_arena_births: 168.
num_arena_deaths: 0.
num_vsnodes_births: 2.
num_vsnodes_deaths: 0.
num_space_committed: 276.
num_space_uncommitted: 0.
num_chunks_returned_to_freelist: 0.
num_chunks_taken_from_freelist: 593.
num_chunk_merges: 0.
num_chunk_splits: 468.
num_chunks_enlarged: 388.
num_inconsistent_stats: 0.

CodeHeap 'non-profiled nmethods': size=120000Kb used=375Kb max_used=375Kb free=119625Kb
 bounds [0x00000174628b0000, 0x0000017462b20000, 0x0000017469de0000]
CodeHeap 'profiled nmethods': size=120000Kb used=1789Kb max_used=1789Kb free=118210Kb
 bounds [0x000001745ade0000, 0x000001745b050000, 0x0000017462310000]
CodeHeap 'non-nmethods': size=5760Kb used=2265Kb max_used=2277Kb free=3494Kb
 bounds [0x0000017462310000, 0x0000017462580000, 0x00000174628b0000]
 total_blobs=2062 nmethods=1105 adapters=862
 compilation: enabled
              stopped_count=0, restarted_count=0
 full_count=0

Compilation events (20 events):
Event: 1.428 Thread 0x000001746f25ffe0 nmethod 1092 0x000001746290d510 code [0x000001746290d6a0, 0x000001746290d7b8]
Event: 1.428 Thread 0x000001746f2711d0 1095       3       androidx.compose.runtime.SlotWriter::parent (14 bytes)
Event: 1.428 Thread 0x000001746f2711d0 nmethod 1095 0x000001745af92690 code [0x000001745af92860, 0x000001745af92cb8]
Event: 1.429 Thread 0x000001746f2711d0 1096       3       java.lang.invoke.DirectMethodHandle::make (275 bytes)
Event: 1.429 Thread 0x000001746f2711d0 nmethod 1096 0x000001745af92f10 code [0x000001745af932c0, 0x000001745af94650]
Event: 1.429 Thread 0x000001746f2711d0 1099       3       sun.invoke.util.BytecodeDescriptor::unparse (24 bytes)
Event: 1.429 Thread 0x000001746f2711d0 nmethod 1099 0x000001745af94e10 code [0x000001745af94fe0, 0x000001745af951e8]
Event: 1.429 Thread 0x000001746f2711d0 1097       3       java.lang.invoke.MemberName::isField (8 bytes)
Event: 1.429 Thread 0x000001746f2711d0 nmethod 1097 0x000001745af95290 code [0x000001745af95440, 0x000001745af95610]
Event: 1.430 Thread 0x000001746f2711d0 1100       3       androidx.compose.runtime.SlotTableKt::access$updateDataAnchor (7 bytes)
Event: 1.430 Thread 0x000001746f2711d0 nmethod 1100 0x000001745af95710 code [0x000001745af958c0, 0x000001745af95a40]
Event: 1.430 Thread 0x000001746f2711d0 1101       3       androidx.compose.runtime.SlotTableKt::updateDataAnchor (9 bytes)
Event: 1.430 Thread 0x000001746f2711d0 nmethod 1101 0x000001745af95b90 code [0x000001745af95d20, 0x000001745af95e40]
Event: 1.430 Thread 0x000001746f2711d0 1102       3       androidx.compose.runtime.SlotWriter::groupKey (13 bytes)
Event: 1.430 Thread 0x000001746f2711d0 nmethod 1102 0x000001745af95f10 code [0x000001745af960c0, 0x000001745af96370]
Event: 1.430 Thread 0x000001746f2711d0 1103       3       androidx.compose.runtime.SlotWriter::groupObjectKey (35 bytes)
Event: 1.430 Thread 0x000001746f2711d0 nmethod 1103 0x000001745af96510 code [0x000001745af96700, 0x000001745af96b40]
Event: 1.430 Thread 0x000001746f2711d0 1104       3       androidx.compose.runtime.SlotWriter::groupAux (41 bytes)
Event: 1.430 Thread 0x000001746f2711d0 nmethod 1104 0x000001745af96d90 code [0x000001745af96fa0, 0x000001745af975f0]
Event: 1.430 Thread 0x000001746f2711d0 1105       3       androidx.compose.runtime.ComposerImpl::end (746 bytes)

GC Heap History (2 events):
Event: 0.731 GC heap before
{Heap before GC invocations=0 (full 0):
 garbage-first heap   total 129024K, used 25600K [0x0000000083200000, 0x0000000100000000)
  region size 1024K, 23 young (23552K), 0 survivors (0K)
 Metaspace       used 9264K, committed 9408K, reserved 1114112K
  class space    used 811K, committed 896K, reserved 1048576K
}
Event: 0.734 GC heap after
{Heap after GC invocations=1 (full 0):
 garbage-first heap   total 129024K, used 5679K [0x0000000083200000, 0x0000000100000000)
  region size 1024K, 3 young (3072K), 3 survivors (3072K)
 Metaspace       used 9264K, committed 9408K, reserved 1114112K
  class space    used 811K, committed 896K, reserved 1048576K
}

Dll operation events (10 events):
Event: 0.006 Loaded shared library C:\Users\j9703\.jdks\corretto-21.0.3\bin\java.dll
Event: 0.039 Loaded shared library C:\Users\j9703\.jdks\corretto-21.0.3\bin\jsvml.dll
Event: 0.073 Loaded shared library C:\Users\j9703\.jdks\corretto-21.0.3\bin\net.dll
Event: 0.075 Loaded shared library C:\Users\j9703\.jdks\corretto-21.0.3\bin\nio.dll
Event: 0.187 Loaded shared library C:\Users\j9703\.jdks\corretto-21.0.3\bin\zip.dll
Event: 0.261 Loaded shared library C:\Users\j9703\.jdks\corretto-21.0.3\bin\jimage.dll
Event: 0.282 Loaded shared library C:\Users\j9703\.skiko\1af4ee19332ed4d6e49736b682169156441810a37589c852cea0529cd125890f\skiko-windows-x64.dll
Event: 0.320 Loaded shared library C:\Users\j9703\.jdks\corretto-21.0.3\bin\awt.dll
Event: 0.810 Loaded shared library C:\Users\j9703\.jdks\corretto-21.0.3\bin\freetype.dll
Event: 0.811 Loaded shared library C:\Users\j9703\.jdks\corretto-21.0.3\bin\fontmanager.dll

Deoptimization events (20 events):
Event: 0.197 Thread 0x0000017450517c90 DEOPT PACKING pc=0x000001745adfbbd5 sp=0x0000003ca34fd320
Event: 0.197 Thread 0x0000017450517c90 DEOPT UNPACKING pc=0x00000174623688e2 sp=0x0000003ca34fc790 mode 0
Event: 0.217 Thread 0x0000017450517c90 DEOPT PACKING pc=0x000001745adf77f8 sp=0x0000003ca34fd1f0
Event: 0.217 Thread 0x0000017450517c90 DEOPT UNPACKING pc=0x00000174623688e2 sp=0x0000003ca34fc610 mode 0
Event: 0.220 Thread 0x0000017450517c90 DEOPT PACKING pc=0x000001745ade9458 sp=0x0000003ca34fac50
Event: 0.220 Thread 0x0000017450517c90 DEOPT UNPACKING pc=0x00000174623688e2 sp=0x0000003ca34fa0b8 mode 0
Event: 0.270 Thread 0x0000017450517c90 Uncommon trap: trap_request=0xffffff45 fr.pc=0x00000174628bbe10 relative=0x0000000000000070
Event: 0.270 Thread 0x0000017450517c90 Uncommon trap: reason=unstable_if action=reinterpret pc=0x00000174628bbe10 method=java.io.WinNTFileSystem.isSlash(C)Z @ 9 c2
Event: 0.270 Thread 0x0000017450517c90 DEOPT PACKING pc=0x00000174628bbe10 sp=0x0000003ca34fe730
Event: 0.270 Thread 0x0000017450517c90 DEOPT UNPACKING pc=0x0000017462367da2 sp=0x0000003ca34fe6b8 mode 2
Event: 0.290 Thread 0x0000017450517c90 Uncommon trap: trap_request=0xffffff45 fr.pc=0x00000174628c06f4 relative=0x00000000000002b4
Event: 0.290 Thread 0x0000017450517c90 Uncommon trap: reason=unstable_if action=reinterpret pc=0x00000174628c06f4 method=java.lang.StringLatin1.hashCode([B)I @ 2 c2
Event: 0.290 Thread 0x0000017450517c90 DEOPT PACKING pc=0x00000174628c06f4 sp=0x0000003ca34fb230
Event: 0.290 Thread 0x0000017450517c90 DEOPT UNPACKING pc=0x0000017462367da2 sp=0x0000003ca34fb168 mode 2
Event: 0.342 Thread 0x0000017450517c90 Uncommon trap: trap_request=0xffffff45 fr.pc=0x00000174628b8c88 relative=0x0000000000000868
Event: 0.342 Thread 0x0000017450517c90 Uncommon trap: reason=unstable_if action=reinterpret pc=0x00000174628b8c88 method=java.util.zip.ZipFile$Source.checkAndAddEntry(II)I @ 50 c2
Event: 0.342 Thread 0x0000017450517c90 DEOPT PACKING pc=0x00000174628b8c88 sp=0x0000003ca34fb7a0
Event: 0.342 Thread 0x0000017450517c90 DEOPT UNPACKING pc=0x0000017462367da2 sp=0x0000003ca34fb710 mode 2
Event: 0.975 Thread 0x000001746fb406a0 DEOPT PACKING pc=0x000001745aec2503 sp=0x0000003ca4efbf40
Event: 0.975 Thread 0x000001746fb406a0 DEOPT UNPACKING pc=0x00000174623688e2 sp=0x0000003ca4efb448 mode 0

Classes loaded (20 events):
Event: 1.135 Loading class java/awt/im/spi/InputMethodDescriptor done
Event: 1.135 Loading class sun/awt/windows/WInputMethodDescriptor done
Event: 1.135 Loading class sun/awt/im/InputMethodLocator
Event: 1.135 Loading class sun/awt/im/InputMethodLocator done
Event: 1.135 Loading class sun/awt/im/ExecutableInputMethodManager$3
Event: 1.136 Loading class sun/awt/im/ExecutableInputMethodManager$3 done
Event: 1.137 Loading class java/awt/peer/LightweightPeer
Event: 1.137 Loading class java/awt/peer/LightweightPeer done
Event: 1.137 Loading class sun/awt/LightweightPeerHolder
Event: 1.137 Loading class sun/awt/LightweightPeerHolder done
Event: 1.137 Loading class sun/awt/NullComponentPeer
Event: 1.137 Loading class sun/awt/NullComponentPeer done
Event: 1.189 Loading class java/awt/event/PaintEvent
Event: 1.189 Loading class java/awt/event/PaintEvent done
Event: 1.249 Loading class java/util/regex/Pattern$BnM
Event: 1.249 Loading class java/util/regex/Pattern$BnM done
Event: 1.249 Loading class java/util/regex/Pattern$SliceS
Event: 1.249 Loading class java/util/regex/Pattern$SliceS done
Event: 1.250 Loading class java/util/Arrays$ArrayItr
Event: 1.250 Loading class java/util/Arrays$ArrayItr done

Classes unloaded (0 events):
No events

Classes redefined (0 events):
No events

Internal exceptions (20 events):
Event: 0.327 Thread 0x0000017450517c90 Exception <a 'java/io/FileNotFoundException'{0x000000008a965b90}> (0x000000008a965b90) 
thrown [s\src\hotspot\share\prims\jni.cpp, line 520]
Event: 0.332 Thread 0x0000017450517c90 Exception <a 'java/io/FileNotFoundException'{0x000000008a98fe08}> (0x000000008a98fe08) 
thrown [s\src\hotspot\share\prims\jni.cpp, line 520]
Event: 0.413 Thread 0x0000017450517c90 Exception <a 'java/lang/NoSuchMethodError'{0x000000008a884790}: 'void java.lang.invoke.DirectMethodHandle$Holder.invokeSpecial(java.lang.Object, java.lang.Object, java.lang.Object)'> (0x000000008a884790) 
thrown [s\src\hotspot\share\interpreter\linkResolver.cpp, line 773]
Event: 0.429 Thread 0x0000017450517c90 Exception <a 'java/lang/NoSuchMethodError'{0x000000008a8971b0}: 'void java.lang.invoke.DirectMethodHandle$Holder.invokeStaticInit(java.lang.Object)'> (0x000000008a8971b0) 
thrown [s\src\hotspot\share\interpreter\linkResolver.cpp, line 773]
Event: 0.435 Thread 0x0000017450517c90 Exception <a 'java/lang/NoSuchMethodError'{0x000000008a8bb8d0}: 'java.lang.Object java.lang.invoke.DirectMethodHandle$Holder.newInvokeSpecial(java.lang.Object, java.lang.Object, java.lang.Object, java.lang.Object, java.lang.Object)'> (0x000000008a8bb8d0) 
thrown [s\src\hotspot\share\interpreter\linkResolver.cpp, line 773]
Event: 0.440 Thread 0x0000017450517c90 Exception <a 'java/lang/NoSuchMethodError'{0x000000008a8e7458}: 'java.lang.Object java.lang.invoke.DirectMethodHandle$Holder.invokeStatic(java.lang.Object, int, java.lang.Object)'> (0x000000008a8e7458) 
thrown [s\src\hotspot\share\interpreter\linkResolver.cpp, line 773]
Event: 0.455 Thread 0x0000017450517c90 Exception <a 'java/lang/ClassNotFoundException'{0x000000008a758888}: com/sun/java/swing/plaf/windows/resources/spi/windowsProvider> (0x000000008a758888) 
thrown [s\src\hotspot\share\classfile\systemDictionary.cpp, line 312]
Event: 0.456 Thread 0x0000017450517c90 Exception <a 'java/lang/ClassNotFoundException'{0x000000008a75d7e8}: com/sun/swing/internal/plaf/basic/resources/spi/basicProvider> (0x000000008a75d7e8) 
thrown [s\src\hotspot\share\classfile\systemDictionary.cpp, line 312]
Event: 0.463 Thread 0x0000017450517c90 Exception <a 'java/lang/NoSuchMethodError'{0x000000008a76ebe8}: 'java.lang.Object java.lang.invoke.DirectMethodHandle$Holder.invokeStatic(java.lang.Object, java.lang.Object, int, java.lang.Object)'> (0x000000008a76ebe8) 
thrown [s\src\hotspot\share\interpreter\linkResolver.cpp, line 773]
Event: 0.464 Thread 0x0000017450517c90 Exception <a 'java/lang/NoSuchMethodError'{0x000000008a774f88}: 'java.lang.Object java.lang.invoke.DirectMethodHandle$Holder.newInvokeSpecial(java.lang.Object, java.lang.Object, int)'> (0x000000008a774f88) 
thrown [s\src\hotspot\share\interpreter\linkResolver.cpp, line 773]
Event: 0.606 Thread 0x000001746fb406a0 Exception <a 'java/lang/NoSuchMethodError'{0x000000008a0d6668}: 'void java.lang.invoke.DirectMethodHandle$Holder.invokeStatic(java.lang.Object, java.lang.Object)'> (0x000000008a0d6668) 
thrown [s\src\hotspot\share\interpreter\linkResolver.cpp, line 773]
Event: 0.681 Thread 0x000001746fb406a0 Exception <a 'java/lang/NoSuchMethodError'{0x0000000089bdf528}: 'int java.lang.invoke.DirectMethodHandle$Holder.invokeStaticInit(java.lang.Object, java.lang.Object, java.lang.Object)'> (0x0000000089bdf528) 
thrown [s\src\hotspot\share\interpreter\linkResolver.cpp, line 773]
Event: 0.863 Thread 0x000001746fb406a0 Exception <a 'java/lang/NoSuchMethodError'{0x000000008addbbf0}: 'int java.lang.invoke.Invokers$Holder.invokeExact_MT(java.lang.Object, java.lang.Object)'> (0x000000008addbbf0) 
thrown [s\src\hotspot\share\interpreter\linkResolver.cpp, line 773]
Event: 0.880 Thread 0x000001746fb406a0 Exception <a 'java/lang/NoSuchMethodError'{0x000000008aca1168}: 'void java.lang.invoke.DirectMethodHandle$Holder.invokeStatic(java.lang.Object, java.lang.Object, java.lang.Object)'> (0x000000008aca1168) 
thrown [s\src\hotspot\share\interpreter\linkResolver.cpp, line 773]
Event: 0.984 Thread 0x000001746fb406a0 Exception <a 'java/lang/NoSuchMethodError'{0x000000008a738ef0}: 'double java.lang.invoke.DirectMethodHandle$Holder.invokeStatic(java.lang.Object, double)'> (0x000000008a738ef0) 
thrown [s\src\hotspot\share\interpreter\linkResolver.cpp, line 773]
Event: 0.985 Thread 0x000001746fb406a0 Exception <a 'java/lang/NoSuchMethodError'{0x000000008a73c6b8}: 'double java.lang.invoke.DirectMethodHandle$Holder.invokeStaticInit(java.lang.Object, double)'> (0x000000008a73c6b8) 
thrown [s\src\hotspot\share\interpreter\linkResolver.cpp, line 773]
Event: 0.990 Thread 0x000001746fb406a0 Exception <a 'java/lang/NoSuchMethodError'{0x000000008a770960}: 'java.lang.Object java.lang.invoke.DirectMethodHandle$Holder.newInvokeSpecial(java.lang.Object, double)'> (0x000000008a770960) 
thrown [s\src\hotspot\share\interpreter\linkResolver.cpp, line 773]
Event: 1.101 Thread 0x000001746f965e90 Exception <a 'java/lang/NoSuchMethodError'{0x000000008a2599b8}: 'void java.lang.invoke.DirectMethodHandle$Holder.invokeVirtual(java.lang.Object, java.lang.Object)'> (0x000000008a2599b8) 
thrown [s\src\hotspot\share\interpreter\linkResolver.cpp, line 773]
Event: 1.305 Thread 0x000001746fb406a0 Exception <a 'java/lang/NoSuchMethodError'{0x0000000089fc2358}: 'float java.lang.invoke.DirectMethodHandle$Holder.invokeStatic(java.lang.Object, float)'> (0x0000000089fc2358) 
thrown [s\src\hotspot\share\interpreter\linkResolver.cpp, line 773]
Event: 1.305 Thread 0x000001746fb406a0 Exception <a 'java/lang/NoSuchMethodError'{0x0000000089fc6080}: 'float java.lang.invoke.DirectMethodHandle$Holder.invokeStaticInit(java.lang.Object, float)'> (0x0000000089fc6080) 
thrown [s\src\hotspot\share\interpreter\linkResolver.cpp, line 773]

ZGC Phase Switch (0 events):
No events

VM Operations (12 events):
Event: 0.216 Executing VM operation: HandshakeAllThreads (Deoptimize)
Event: 0.216 Executing VM operation: HandshakeAllThreads (Deoptimize) done
Event: 0.270 Executing VM operation: HandshakeAllThreads (Deoptimize)
Event: 0.270 Executing VM operation: HandshakeAllThreads (Deoptimize) done
Event: 0.403 Executing VM operation: HandshakeAllThreads (Deoptimize)
Event: 0.403 Executing VM operation: HandshakeAllThreads (Deoptimize) done
Event: 0.730 Executing VM operation: G1CollectForAllocation (G1 Evacuation Pause)
Event: 0.735 Executing VM operation: G1CollectForAllocation (G1 Evacuation Pause) done
Event: 0.898 Executing VM operation: HandshakeAllThreads (Deoptimize)
Event: 0.898 Executing VM operation: HandshakeAllThreads (Deoptimize) done
Event: 0.905 Executing VM operation: HandshakeAllThreads (Deoptimize)
Event: 0.905 Executing VM operation: HandshakeAllThreads (Deoptimize) done

Events (20 events):
Event: 0.024 Thread 0x0000017450517c90 Thread added: 0x0000017450517c90
Event: 0.036 Thread 0x000001746f2542e0 Thread added: 0x000001746f2542e0
Event: 0.036 Thread 0x000001746f255910 Thread added: 0x000001746f255910
Event: 0.036 Thread 0x000001746f258900 Thread added: 0x000001746f258900
Event: 0.036 Thread 0x000001746f25c980 Thread added: 0x000001746f25c980
Event: 0.036 Thread 0x000001746f25ecf0 Thread added: 0x000001746f25ecf0
Event: 0.036 Thread 0x000001746f25f840 Thread added: 0x000001746f25f840
Event: 0.037 Thread 0x000001746f25ffe0 Thread added: 0x000001746f25ffe0
Event: 0.037 Thread 0x000001746f2711d0 Thread added: 0x000001746f2711d0
Event: 0.069 Thread 0x000001746f52f320 Thread added: 0x000001746f52f320
Event: 0.070 Thread 0x000001746f535960 Thread added: 0x000001746f535960
Event: 0.381 Thread 0x000001746f964560 Thread added: 0x000001746f964560
Event: 0.383 Thread 0x000001746f965450 Thread added: 0x000001746f965450
Event: 0.384 Thread 0x000001746f965e90 Thread added: 0x000001746f965e90
Event: 0.522 Thread 0x000001746fa724a0 Thread added: 0x000001746fa724a0
Event: 0.522 Thread 0x000001746fa75580 Thread added: 0x000001746fa75580
Event: 0.523 Thread 0x000001746fb04da0 Thread added: 0x000001746fb04da0
Event: 0.528 Thread 0x000001746fb11d70 Thread added: 0x000001746fb11d70
Event: 0.536 Thread 0x000001746faf6700 Thread added: 0x000001746faf6700
Event: 0.574 Thread 0x000001746fb406a0 Thread added: 0x000001746fb406a0


Dynamic libraries:
0x00007ff653340000 - 0x00007ff65334e000 	C:\Users\j9703\.jdks\corretto-21.0.3\bin\java.exe
0x00007ffbd9d70000 - 0x00007ffbd9f87000 	C:\WINDOWS\SYSTEM32\ntdll.dll
0x00007ffbd9130000 - 0x00007ffbd91f4000 	C:\WINDOWS\System32\KERNEL32.DLL
0x00007ffbd7110000 - 0x00007ffbd74bc000 	C:\WINDOWS\System32\KERNELBASE.dll
0x00007ffbd7540000 - 0x00007ffbd7651000 	C:\WINDOWS\System32\ucrtbase.dll
0x00007ffbc1070000 - 0x00007ffbc108b000 	C:\Users\j9703\.jdks\corretto-21.0.3\bin\VCRUNTIME140.dll
0x00007ffbc2630000 - 0x00007ffbc2648000 	C:\Users\j9703\.jdks\corretto-21.0.3\bin\jli.dll
0x00007ffbd88a0000 - 0x00007ffbd8a4e000 	C:\WINDOWS\System32\USER32.dll
0x00007ffbc4300000 - 0x00007ffbc4593000 	C:\WINDOWS\WinSxS\amd64_microsoft.windows.common-controls_6595b64144ccf1df_6.0.22621.3672_none_2713b9d173822955\COMCTL32.dll
0x00007ffbd7a50000 - 0x00007ffbd7a76000 	C:\WINDOWS\System32\win32u.dll
0x00007ffbd8de0000 - 0x00007ffbd8e87000 	C:\WINDOWS\System32\msvcrt.dll
0x00007ffbd7c40000 - 0x00007ffbd7c69000 	C:\WINDOWS\System32\GDI32.dll
0x00007ffbd7660000 - 0x00007ffbd7779000 	C:\WINDOWS\System32\gdi32full.dll
0x00007ffbd7070000 - 0x00007ffbd710a000 	C:\WINDOWS\System32\msvcp_win.dll
0x00007ffbd9200000 - 0x00007ffbd9231000 	C:\WINDOWS\System32\IMM32.DLL
0x00007ffbcc020000 - 0x00007ffbcc02c000 	C:\Users\j9703\.jdks\corretto-21.0.3\bin\vcruntime140_1.dll
0x00007ffbafe60000 - 0x00007ffbafeed000 	C:\Users\j9703\.jdks\corretto-21.0.3\bin\msvcp140.dll
0x00007ffb4e930000 - 0x00007ffb4f6c1000 	C:\Users\j9703\.jdks\corretto-21.0.3\bin\server\jvm.dll
0x00007ffbd9ae0000 - 0x00007ffbd9b92000 	C:\WINDOWS\System32\ADVAPI32.dll
0x00007ffbd7b80000 - 0x00007ffbd7c2a000 	C:\WINDOWS\System32\sechost.dll
0x00007ffbd77f0000 - 0x00007ffbd7818000 	C:\WINDOWS\System32\bcrypt.dll
0x00007ffbd7e20000 - 0x00007ffbd7f35000 	C:\WINDOWS\System32\RPCRT4.dll
0x00007ffbd9bf0000 - 0x00007ffbd9c61000 	C:\WINDOWS\System32\WS2_32.dll
0x00007ffbd6930000 - 0x00007ffbd697d000 	C:\WINDOWS\SYSTEM32\POWRPROF.dll
0x00007ffbcddc0000 - 0x00007ffbcddf4000 	C:\WINDOWS\SYSTEM32\WINMM.dll
0x00007ffbcdd10000 - 0x00007ffbcdd1a000 	C:\WINDOWS\SYSTEM32\VERSION.dll
0x00007ffbd6910000 - 0x00007ffbd6923000 	C:\WINDOWS\SYSTEM32\UMPDC.dll
0x00007ffbd6060000 - 0x00007ffbd6078000 	C:\WINDOWS\SYSTEM32\kernel.appcore.dll
0x00007ffbc36b0000 - 0x00007ffbc36ba000 	C:\Users\j9703\.jdks\corretto-21.0.3\bin\jimage.dll
0x00007ffbd48d0000 - 0x00007ffbd4b02000 	C:\WINDOWS\SYSTEM32\DBGHELP.DLL
0x00007ffbd92b0000 - 0x00007ffbd9638000 	C:\WINDOWS\System32\combase.dll
0x00007ffbd8e90000 - 0x00007ffbd8f67000 	C:\WINDOWS\System32\OLEAUT32.dll
0x00007ffbaf1b0000 - 0x00007ffbaf1e2000 	C:\WINDOWS\SYSTEM32\dbgcore.DLL
0x00007ffbd74c0000 - 0x00007ffbd753b000 	C:\WINDOWS\System32\bcryptPrimitives.dll
0x00007ffbbfd70000 - 0x00007ffbbfd8f000 	C:\Users\j9703\.jdks\corretto-21.0.3\bin\java.dll
0x00007ffbd8040000 - 0x00007ffbd889c000 	C:\WINDOWS\System32\SHELL32.dll
0x00007ffbd4f70000 - 0x00007ffbd5867000 	C:\WINDOWS\SYSTEM32\windows.storage.dll
0x00007ffbd4e30000 - 0x00007ffbd4f6f000 	C:\WINDOWS\SYSTEM32\wintypes.dll
0x00007ffbd7f40000 - 0x00007ffbd8034000 	C:\WINDOWS\System32\SHCORE.dll
0x00007ffbd8b00000 - 0x00007ffbd8b5e000 	C:\WINDOWS\System32\shlwapi.dll
0x00007ffbd6fa0000 - 0x00007ffbd6fc1000 	C:\WINDOWS\SYSTEM32\profapi.dll
0x00007ffbaf3c0000 - 0x00007ffbaf497000 	C:\Users\j9703\.jdks\corretto-21.0.3\bin\jsvml.dll
0x00007ffbc2ce0000 - 0x00007ffbc2cf0000 	C:\Users\j9703\.jdks\corretto-21.0.3\bin\net.dll
0x00007ffbcf5f0000 - 0x00007ffbcf726000 	C:\WINDOWS\SYSTEM32\WINHTTP.dll
0x00007ffbd64d0000 - 0x00007ffbd6539000 	C:\WINDOWS\system32\mswsock.dll
0x00007ffbb2ab0000 - 0x00007ffbb2ac6000 	C:\Users\j9703\.jdks\corretto-21.0.3\bin\nio.dll
0x00007ffbb8990000 - 0x00007ffbb89a8000 	C:\Users\j9703\.jdks\corretto-21.0.3\bin\zip.dll
0x00007ffb318e0000 - 0x00007ffb32919000 	C:\Users\j9703\.skiko\1af4ee19332ed4d6e49736b682169156441810a37589c852cea0529cd125890f\skiko-windows-x64.dll
0x00007ffbd4320000 - 0x00007ffbd434b000 	C:\WINDOWS\SYSTEM32\dwmapi.dll
0x00007ffb6d0f0000 - 0x00007ffb6d27d000 	C:\Users\j9703\.jdks\corretto-21.0.3\bin\awt.dll
0x00007ffbd3e80000 - 0x00007ffbd3f17000 	C:\WINDOWS\SYSTEM32\apphelp.dll
0x00007ffbd40f0000 - 0x00007ffbd419a000 	C:\WINDOWS\system32\uxtheme.dll
0x00007ffbd8c10000 - 0x00007ffbd8d63000 	C:\WINDOWS\System32\MSCTF.dll
0x00007ffbd7c70000 - 0x00007ffbd7e15000 	C:\WINDOWS\System32\ole32.dll
0x00007ffbc2440000 - 0x00007ffbc2540000 	C:\WINDOWS\system32\opengl32.dll
0x00007ffbc8f60000 - 0x00007ffbc8f8d000 	C:\WINDOWS\SYSTEM32\GLU32.dll
0x00007ffbd41d0000 - 0x00007ffbd4209000 	C:\WINDOWS\SYSTEM32\dxcore.dll
0x00007ffb6e870000 - 0x00007ffb6e8f7000 	C:\Users\j9703\.jdks\corretto-21.0.3\bin\freetype.dll
0x00007ffb6d000000 - 0x00007ffb6d0e2000 	C:\Users\j9703\.jdks\corretto-21.0.3\bin\fontmanager.dll
0x00007ffbd2e10000 - 0x00007ffbd3083000 	C:\WINDOWS\SYSTEM32\dwrite.dll
0x00007ffbc1d40000 - 0x00007ffbc1d47000 	C:\Users\j9703\.jdks\corretto-21.0.3\bin\jawt.dll
0x00007ffbd4210000 - 0x00007ffbd4307000 	C:\WINDOWS\SYSTEM32\Dxgi.dll
0x00007ffbd0ec0000 - 0x00007ffbd0f09000 	C:\WINDOWS\SYSTEM32\directxdatabasehelper.dll
0x00007ffbb1210000 - 0x00007ffbb1236000 	C:\WINDOWS\SYSTEM32\D3D12.dll
0x00007ffb6a700000 - 0x00007ffb6a902000 	C:\WINDOWS\SYSTEM32\D3D12Core.dll
0x00007ffbd6d50000 - 0x00007ffbd6d9e000 	C:\WINDOWS\SYSTEM32\cfgmgr32.dll
0x00007ffbd8a50000 - 0x00007ffbd8b00000 	C:\WINDOWS\System32\clbcatq.dll
0x00007ffbced10000 - 0x00007ffbcee4e000 	C:\Windows\System32\AppXDeploymentClient.dll
0x00007ffbd6710000 - 0x00007ffbd671c000 	C:\WINDOWS\SYSTEM32\CRYPTBASE.DLL

dbghelp: loaded successfully - version: 4.0.5 - missing functions: none
symbol engine: initialized successfully - sym options: 0x614 - pdb path: .;C:\Users\j9703\.jdks\corretto-21.0.3\bin;C:\WINDOWS\SYSTEM32;C:\WINDOWS\WinSxS\amd64_microsoft.windows.common-controls_6595b64144ccf1df_6.0.22621.3672_none_2713b9d173822955;C:\Users\j9703\.jdks\corretto-21.0.3\bin\server;C:\Users\j9703\.skiko\1af4ee19332ed4d6e49736b682169156441810a37589c852cea0529cd125890f

VM Arguments:
jvm_args: -Dcompose.application.configure.swing.globals=true -Dcompose.application.resources.dir=C:\Users\j9703\IdeaProjects\prueba\build\compose\tmp\prepareAppResources -Dfile.encoding=UTF-8 -Duser.country=ES -Duser.language=es -Duser.variant 
java_command: MainKt
java_class_path (initial): C:\Users\j9703\IdeaProjects\prueba\build\libs\prueba-1.0-SNAPSHOT.jar;C:\Users\j9703\.gradle\caches\modules-2\files-2.1\com.squareup.retrofit2\converter-gson\2.9.0\fc93484fc67ab52b1e0ccbdaa3922d8a6678e097\converter-gson-2.9.0.jar;C:\Users\j9703\.gradle\caches\modules-2\files-2.1\com.squareup.retrofit2\retrofit\2.9.0\d8fdfbd5da952141a665a403348b74538efc05ff\retrofit-2.9.0.jar;C:\Users\j9703\.gradle\caches\modules-2\files-2.1\com.squareup.okhttp3\logging-interceptor\4.9.1\e4c20c4ce426bc4df018b60e92e0362101b448\logging-interceptor-4.9.1.jar;C:\Users\j9703\.gradle\caches\modules-2\files-2.1\com.squareup.okhttp3\okhttp\4.9.1\51215279c3fe472c59b6b7dd7491e6ac2e28a81b\okhttp-4.9.1.jar;C:\Users\j9703\.gradle\caches\modules-2\files-2.1\network.chaintech\kmp-date-time-picker-jvm\1.0.3\e7ad2e80ab7d0de24554f210346aafc9e066deb4\kmp-date-time-picker-jvm-1.0.jar;C:\Users\j9703\.gradle\caches\modules-2\files-2.1\com.squareup.okio\okio\2.8.0\49b64e09d81c0cc84b267edd0c2fd7df5a64c78c\okio-jvm-2.8.0.jar;C:\Users\j9703\.gradle\caches\modules-2\files-2.1\org.jetbrains.compose.desktop\desktop-jvm\1.6.10\4c88c77f0770ee2c111199047d90ed5a47e4482b\desktop-jvm-1.6.10.jar;C:\Users\j9703\.gradle\caches\modules-2\files-2.1\org.jetbrains.skiko\skiko-awt-runtime-windows-x64\0.8.4\2edf3fdbe20d02b8fa39eed2dd5e8d70647c821\skiko-awt-runtime-windows-x64-0.8.4.jar;C:\Users\j9703\.gradle\caches\modules-2\files-2.1\org.jetbrains.skiko\skiko-awt-runtime-macos-arm64\0.7.97\4e21507ab052cffb4e247ca3d3523ebd1a332ef6\skiko-awt-runtime-macos-arm64-0.7.97.jar;C:\Users\j9703\.gradle\caches\modules-2\files-2.1\org.jetbrains.compose.material3\material3-desktop\1.6.1\7d76ae70fe41e38095f97176accc53363a6e4104\material3-desktop-1.6.1.jar;C:\Users\j9703\.gradle\caches\modules-2\files-2.1\org.jetbrains.compose.components\components-resources-desktop\1.6.1\443021e9e9431698e8b4ffc498a52af32d204c42\library-desktop-1.6.1.jar;C:\Users\j9703\.gradle\caches\modules-2\files-2.1\org.jetbrains.compose.material\material-desktop\1.6.10\d3e4b632fadb752973fa898989e4666e986011e6\material-desktop-1.6.10.jar;C:\Users\j9703\.gradle\caches\modules-2\files-2.1\org.jetbrains.compose.material\material-ripple-desktop\1.6.10\81d8093be11dfbc4ce334bad9bcfc237f21ed701\material-ripple-desktop-1.6.10.jar;C:\Users\j9703\.gradle\caches\modules-2\files-2.1\org.jetbrains.compose.foundation\foundation-desktop\1.6.10\ae2b43abc911ccb6eb335b682ed5f2763939b760\foundation-desktop-1.6.10.jar;C:\Users\j9703\.gradle\caches\modules-2\files-2.1\org.jetbrains.compose.material\material-icons-extended-desktop\1.6.1\67bbcbd9b088c4355bf044e6486ca3dbabe50d12\material-icons-extended-desktop-1.6.1.jar;C:\Users\j9703\.gradle\caches\modules-2\files-2.1\org.jetbrains.compose.animation\animation-desktop\1.6.10\ce21e9b6dea3019932615f2211ddec7eb4525cd6\animation-desktop-1.6.10.jar;C:\Users\j9703\.gradle\caches\modules-2\files-2.1\org.jetbrains.compose.foundation\foundation-layout-desktop\1.6.10\da4289cf3f4f7b0ee49c7db8bd2f5db09aac6dee\foundation-layout-desktop-1.6.10.jar;C:\Users\j9703\.gradle\caches\modules-2\files-2.1\org.jetbrains.compose.animation\animation-core-desktop\1.6.10\f6404cd973e8dc12994f487a61967aa4f8a949b4\animation-core-desktop-1.6.10.jar;C:\Users\j9703\.gradle\caches\modules-2\files-2.1\org.jetbrains.compose.material\material-icons-core-desktop\1.6.10\47e99680d4e5f234dc4514fd12fec4daf1af4597\material-icons-core-desktop-1.6.10.jar;C:\Users\j9703\.gradle\caches\modules-2\files-2.1\org.jetbrains.compose.ui\ui-desktop\1.6.10\dc5665750f4cc2baaea177774f719fd1ba06f7a5\ui-desktop-1.6.10.jar;C:\Users\j9703\.gradle\caches\modules-2\files-2.1\org.jetbrains.compose.ui\ui-text-desktop\1.6.10\c84eb9f99b8492775cfc57b458a2c113b2139041\ui-text-desktop-1.6.10.jar;C:\Users\j9703\.gradle\caches\modules-2\files-2.1\org.jetbrains.compose.ui\ui-graphics-desktop\1.6.10\9e80f1f2e3104ef38e6e274576c8162bd9854afe\ui-graphics-desktop-1.6.10.jar;C:\Users\j9703\.gradle\caches\modules-2\files-2.1\org.jetbrains.skiko\skiko-awt\0.8.4\d86c3b412d118aa62c8cdf606fc364e2cb4ff1f9\skiko-awt-0.8.4.jar;C:\Users\j9703\.gradle\caches\modules-2\files-2.1\org.jetbrains.compose.ui\ui-tooling-preview-desktop\1.6.10\62232c44c61692b56d3071c29b0f9c8481b20574\ui-tooling-preview-desktop-1.6.10.jar;C:\Users\j9703\.gradle\caches\modules-2\files-2.1\org.jetbrains.androidx.lifecycle\lifecycle-runtime-compose-desktop\2.8.0\4120374fb483acbf8077d5e43ebb74820a565ac1\lifecycle-runtime-compose-desktop-2.8.0.jar;C:\Users\j9703\.gradle\caches\modules-2\files-2.1\org.jetbrains.compose.runtime\runtime-saveable-desktop\1.6.10\74106ad127dea1103cfa5517287147da68694e9f\runtime-saveable-desktop-1.6.10.jar;C:\Users\j9703\.gradle\caches\modules-2\files-2.1\org.jetbrains.compose.ui\ui-unit-desktop\1.6.10\6489dd3c2b6122e1ebba9e9c1081779dc4e125ee\ui-unit-desktop-1.6.10.jar;C:\Users\j9703\.gradle\caches\modules-2\files-2.1\org.jetbrains.compose.ui\ui-geometry-desktop\1.6.10\7eae6ed5c40e7e61eb16c2c7edfbd2019f2c239d\ui-geometry-desktop-1.6.10.jar;C:\Users\j9703\.gradle\caches\modules-2\files-2.1\org.jetbrains.compose.runtime\runtime-desktop\1.6.10\328c18df89b7bf14a52d2d39e20065b029cdfeeb\runtime-desktop-1.6.10.jar;C:\Users\j9703\.gradle\caches\modules-2\files-2.1\org.jetbrains.compose.ui\ui-util-desktop\1.6.10\64039cd04d69b704a0b59a45567d2e4fc9fb0582\ui-util-desktop-1.6.10.jar;C:\Users\j9703\.gradle\caches\modules-2\files-2.1\org.jetbrains.kotlinx\kotlinx-datetime-jvm\0.5.0\8882b30187d18d2dcb5e22587447485e6f42dfb3\kotlinx-datetime-jvm-0.5.0.jar;C:\Users\j9703\.gradle\caches\modules-2\files-2.1\androidx.lifecycle\lifecycle-viewmodel-desktop\2.8.0\b7e91a95c8ed79cde23e08651bc34f3d43392f0d\lifecycle-viewmodel-desktop-2.8.0.jar;C:\Users\j9703\.gradle\caches\modules-2\files-2.1\androidx.lifecycle\lifecycle-runtime-desktop\2.8.0\fed8b9973735cbe77645edf153d5f7bb412bfd45\lifecycle-runtime-desktop-2.8.0.jar;C:\Users\j9703\.gradle\caches\modules-2\files-2.1\androidx.lifecycle\lifecycle-common-jvm\2.8.0\7174a594afb73a9ad9ac9074ce78b94af3cc52a7\lifecycle-common-jvm-2.8.0.jar;C:\Users\j9703\.gradle\caches\modules-2\files-2.1\org.jetbrains.kotlinx\kotlinx-coroutines-core-jvm\1.8.0\ac1dc37a30a93150b704022f8d895ee1bd3a36b3\kotlinx-coroutines-core-jvm-1.8.0.jar;C:\Users\j9703\.gradle\caches\modules-2\files-2.1\org.jetbrains.kotlin\kotlin-stdlib-jdk8\1.9.23\557350a0941ddfe919fd2a30d996355bebc8a3a3\kotlin-stdlib-jdk8-1.9.23.jar;C:\Users\j9703\.gradle\caches\modules-2\files-2.1\org.jetbrains.kotlin\kotlin-stdlib-jdk7\1.9.23\b8eca9abec56bee1d01c788e3d571114416ea56d\kotlin-stdlib-jdk7-1.9.23.jar;C:\Users\j9703\.gradle\caches\modules-2\files-2.1\org.jetbrains.kotlinx\atomicfu-jvm\0.23.2\a4601dc42dceb031a586058e8356ff778a57dea0\atomicfu-jvm-0.23.2.jar;C:\Users\j9703\.gradle\caches\modules-2\files-2.1\androidx.collection\collection-jvm\1.4.0\e209fb7bd1183032f55a0408121c6251a81acb49\collection-jvm-1.4.0.jar;C:\Users\j9703\.gradle\caches\modules-2\files-2.1\androidx.arch.core\core-common\2.2.0\5e1b8b81dfd5f52c56a8d53b18ca759c19a301f3\core-common-2.2.0.jar;C:\Users\j9703\.gradle\caches\modules-2\files-2.1\androidx.annotation\annotation-jvm\1.8.0\b8a16fe526014b7941c1debaccaf9c5153692dbb\annotation-jvm-1.8.0.jar;C:\Users\j9703\.gradle\caches\modules-2\files-2.1\org.jetbrains.kotlin\kotlin-stdlib\2.0.0\b48df2c4aede9586cc931ead433bc02d6fd7879e\kotlin-stdlib-2.0.0.jar;C:\Users\j9703\.gradle\caches\modules-2\files-2.1\org.jetbrains\annotations\23.0.0\8cc20c07506ec18e0834947b84a864bfc094484e\annotations-23.0.0.jar;C:\Users\j9703\.gradle\caches\modules-2\files-2.1\com.google.code.gson\gson\2.8.5\f645ed69d595b24d4cf8b3fbb64cc505bede8829\gson-2.8.5.jar
Launcher Type: SUN_STANDARD

[Global flags]
     intx CICompilerCount                          = 4                                         {product} {ergonomic}
     uint ConcGCThreads                            = 2                                         {product} {ergonomic}
     uint G1ConcRefinementThreads                  = 8                                         {product} {ergonomic}
   size_t G1HeapRegionSize                         = 1048576                                   {product} {ergonomic}
    uintx GCDrainStackTargetSize                   = 64                                        {product} {ergonomic}
   size_t InitialHeapSize                          = 132120576                                 {product} {ergonomic}
   size_t MarkStackSize                            = 4194304                                   {product} {ergonomic}
   size_t MaxHeapSize                              = 2095054848                                {product} {ergonomic}
   size_t MaxNewSize                               = 1256194048                                {product} {ergonomic}
   size_t MinHeapDeltaBytes                        = 1048576                                   {product} {ergonomic}
   size_t MinHeapSize                              = 8388608                                   {product} {ergonomic}
    uintx NonNMethodCodeHeapSize                   = 5839372                                {pd product} {ergonomic}
    uintx NonProfiledCodeHeapSize                  = 122909434                              {pd product} {ergonomic}
    uintx ProfiledCodeHeapSize                     = 122909434                              {pd product} {ergonomic}
    uintx ReservedCodeCacheSize                    = 251658240                              {pd product} {ergonomic}
     bool SegmentedCodeCache                       = true                                      {product} {ergonomic}
   size_t SoftMaxHeapSize                          = 2095054848                             {manageable} {ergonomic}
     bool UseCompressedOops                        = true                           {product lp64_product} {ergonomic}
     bool UseG1GC                                  = true                                      {product} {ergonomic}
     bool UseLargePagesIndividualAllocation        = false                                  {pd product} {ergonomic}

Logging:
Log output configuration:
 #0: stdout all=warning uptime,level,tags foldmultilines=false
 #1: stderr all=off uptime,level,tags foldmultilines=false

Environment Variables:
PATH=C:\Program Files\Common Files\Oracle\Java\javapath;C:\Program Files (x86)\RSA SecurID Token Common;C:\WINDOWS\system32;C:\WINDOWS;C:\WINDOWS\System32\Wbem;C:\WINDOWS\System32\WindowsPowerShell\v1.0\;C:\WINDOWS\System32\OpenSSH\;C:\Program Files\Git\cmd;C:\Program Files\PuTTY\;C:\Program Files\Docker\Docker\resources\bin;C:\Users\j9703\AppData\Roaming\nvm;C:\Program Files\nodejs;C:\Users\j9703\AppData\Local\Programs\Python\Python311\Scripts\;C:\Users\j9703\AppData\Local\Programs\Python\Python311\;C:\Program Files (x86)\RSA SecurID Token Common\;C:\Users\j9703\AppData\Local\Microsoft\WindowsApps;C:\Users\j9703\AppData\Local\Programs\Microsoft VS Code\bin;C:\Users\j9703\AppData\Roaming\npm;C:\Program Files\heroku\bin;C:\Users\j9703\AppData\Local\JetBrains\IntelliJ IDEA 2024.1.4\bin;;C:\Users\j9703\AppData\Roaming\nvm;C:\Program Files\nodejs
USERNAME=j9703
OS=Windows_NT
PROCESSOR_IDENTIFIER=Intel64 Family 6 Model 140 Stepping 1, GenuineIntel
TMP=C:\Users\j9703\AppData\Local\Temp
TEMP=C:\Users\j9703\AppData\Local\Temp




Periodic native trim disabled

---------------  S Y S T E M  ---------------

OS:
 Windows 11 , 64 bit Build 22621 (10.0.22621.3672)
OS uptime: 1 days 23:14 hours
Hyper-V role detected

CPU: total 8 (initial active 8) (4 cores per cpu, 2 threads per core) family 6 model 140 stepping 1 microcode 0x9a, cx8, cmov, fxsr, ht, mmx, 3dnowpref, sse, sse2, sse3, ssse3, sse4.1, sse4.2, popcnt, lzcnt, tsc, tscinvbit, avx, avx2, aes, erms, clmul, bmi1, bmi2, adx, avx512f, avx512dq, avx512cd, avx512bw, avx512vl, sha, fma, vzeroupper, avx512_vpopcntdq, avx512_vpclmulqdq, avx512_vaes, avx512_vnni, clflush, clflushopt, clwb, avx512_vbmi2, avx512_vbmi, hv, rdtscp, rdpid, fsrm, gfni, avx512_bitalg, f16c, cet_ibt, cet_ss, avx512_ifma
Processor Information for all 8 processors :
  Max Mhz: 2419, Current Mhz: 2419, Mhz Limit: 2419

Memory: 4k page, system-wide physical 7991M (313M free)
TotalPageFile size 32567M (AvailPageFile size 0M)
current process WorkingSet (physical memory assigned to process): 109M, peak: 109M
current process commit charge ("private bytes"): 242M, peak: 242M

vm_info: OpenJDK 64-Bit Server VM (21.0.3+9-LTS) for windows-amd64 JRE (21.0.3+9-LTS), built on 2024-04-10T19:10:39Z by "Administrator" with MS VC++ 16.10 / 16.11 (VS2019)

END.
